#
# There is insufficient memory for the Java Runtime Environment to continue.
# Native memory allocation (mmap) failed to map 70254592 bytes for committing reserved memory.
# Possible reasons:
#   The system is out of physical RAM or swap space
#   In 32 bit mode, the process size limit was hit
# Possible solutions:
#   Reduce memory load on the system
#   Increase physical memory or swap space
#   Check if swap backing store is full
#   Use 64 bit Java on a 64 bit OS
#   Decrease Java heap size (-Xmx/-Xms)
#   Decrease number of Java threads
#   Decrease Java thread stack sizes (-Xss)
#   Set larger code cache with -XX:ReservedCodeCacheSize=
# This output file may be truncated or incomplete.
#
#  Out of Memory Error (os_linux.cpp:2643), pid=2539, tid=0x00007fd123afa700
#
# JRE version: OpenJDK Runtime Environment (8.0_181-b13) (build 1.8.0_181-8u181-b13-1ubuntu0.16.04.1-b13)
# Java VM: OpenJDK 64-Bit Server VM (25.181-b13 mixed mode linux-amd64 compressed oops)
# Failed to write core dump. Core dumps have been disabled. To enable core dumping, try "ulimit -c unlimited" before starting Java again
#

---------------  T H R E A D  ---------------

Current thread (0x00007fd138074800):  VMThread [stack: 0x00007fd1239fa000,0x00007fd123afb000] [id=2548]

Stack: [0x00007fd1239fa000,0x00007fd123afb000],  sp=0x00007fd123af94c0,  free space=1021k
Native frames: (J=compiled Java code, j=interpreted, Vv=VM code, C=native code)
V  [libjvm.so+0xa70f1b]
V  [libjvm.so+0x4c893c]
V  [libjvm.so+0x8bda48]
V  [libjvm.so+0x8b7dde]
V  [libjvm.so+0x933246]
V  [libjvm.so+0x934573]
V  [libjvm.so+0x930c3b]
V  [libjvm.so+0x930eec]
V  [libjvm.so+0x8e2803]
V  [libjvm.so+0xa72bc2]
V  [libjvm.so+0xa77d67]
V  [libjvm.so+0xa75467]
V  [libjvm.so+0xa768ef]
V  [libjvm.so+0xa76de1]
V  [libjvm.so+0x8bae52]

VM_Operation (0x00007fd121772da0): ParallelGCFailedAllocation, mode: safepoint, requested by thread 0x00007fd0f4001800


---------------  P R O C E S S  ---------------

Java Threads: ( => current thread )
  0x00007fd0f4001800 JavaThread "localhost-startStop-1" daemon [_thread_blocked, id=2557, stack(0x00007fd121674000,0x00007fd121775000)]
  0x00007fd138f06800 JavaThread "Tomcat-startStop-1" daemon [_thread_blocked, id=2556, stack(0x00007fd121775000,0x00007fd121876000)]
  0x00007fd1380ba000 JavaThread "Service Thread" daemon [_thread_blocked, id=2554, stack(0x00007fd12311c000,0x00007fd12321d000)]
  0x00007fd1380b7800 JavaThread "C1 CompilerThread1" daemon [_thread_blocked, id=2553, stack(0x00007fd12321d000,0x00007fd12331e000)]
  0x00007fd1380b4800 JavaThread "C2 CompilerThread0" daemon [_thread_blocked, id=2552, stack(0x00007fd12331e000,0x00007fd12341f000)]
  0x00007fd1380b3000 JavaThread "Signal Dispatcher" daemon [_thread_blocked, id=2551, stack(0x00007fd12341f000,0x00007fd123520000)]
  0x00007fd138080800 JavaThread "Finalizer" daemon [_thread_blocked, id=2550, stack(0x00007fd1237f8000,0x00007fd1238f9000)]
  0x00007fd13807e000 JavaThread "Reference Handler" daemon [_thread_blocked, id=2549, stack(0x00007fd1238f9000,0x00007fd1239fa000)]
  0x00007fd13800b000 JavaThread "main" [_thread_blocked, id=2545, stack(0x00007fd141c4a000,0x00007fd141d4b000)]

Other Threads:
=>0x00007fd138074800 VMThread [stack: 0x00007fd1239fa000,0x00007fd123afb000] [id=2548]
  0x00007fd1380bc800 WatcherThread [stack: 0x00007fd12301b000,0x00007fd12311c000] [id=2555]

VM state:at safepoint (normal execution)

VM Mutex/Monitor currently owned by a thread:  ([mutex/lock_event])
[0x00007fd138007240] Threads_lock - owner thread: 0x00007fd138074800
[0x00007fd138007740] Heap_lock - owner thread: 0x00007fd0f4001800

Heap:
 PSYoungGen      total 131584K, used 9185K [0x00000000ece00000, 0x00000000f5800000, 0x0000000100000000)
  eden space 122368K, 0% used [0x00000000ece00000,0x00000000ece00000,0x00000000f4580000)
  from space 9216K, 99% used [0x00000000f4580000,0x00000000f4e78530,0x00000000f4e80000)
  to   space 8704K, 0% used [0x00000000f4e80000,0x00000000f4e80000,0x00000000f5700000)
 ParOldGen       total 41472K, used 24493K [0x00000000c6a00000, 0x00000000c9280000, 0x00000000ece00000)
  object space 41472K, 59% used [0x00000000c6a00000,0x00000000c81eb5f8,0x00000000c9280000)
 Metaspace       used 23355K, capacity 23772K, committed 23856K, reserved 1071104K
  class space    used 2686K, capacity 2859K, committed 2864K, reserved 1048576K

Card table byte_map: [0x00007fd13e130000,0x00007fd13e2fc000] byte_map_base: 0x00007fd13dafb000

Marking Bits: (ParMarkBitMap*) 0x00007fd140f1b3a0
 Begin Bits: [0x00007fd13c14c000, 0x00007fd13cfa4000)
 End Bits:   [0x00007fd13cfa4000, 0x00007fd13ddfc000)

Polling page: 0x00007fd141d6f000

CodeCache: size=245760Kb used=12304Kb max_used=12346Kb free=233455Kb
 bounds [0x00007fd129000000, 0x00007fd129c20000, 0x00007fd138000000]
 total_blobs=4003 nmethods=3614 adapters=303
 compilation: enabled

Compilation events (10 events):
Event: 4.663 Thread 0x00007fd1380b7800 3642   !   2       org.apache.catalina.loader.WebappClassLoader::openJARs (98 bytes)
Event: 4.663 Thread 0x00007fd1380b7800 nmethod 3642 0x00007fd129bea190 code [0x00007fd129bea340, 0x00007fd129bea7b8]
Event: 5.196 Thread 0x00007fd1380b4800 nmethod 3579 0x00007fd129bfa7d0 code [0x00007fd129bfb340, 0x00007fd129c09e68]
Event: 5.198 Thread 0x00007fd1380b4800 3621       4       java.util.LinkedHashMap::afterNodeInsertion (40 bytes)
Event: 5.206 Thread 0x00007fd1380b4800 nmethod 3621 0x00007fd129bf6650 code [0x00007fd129bf6800, 0x00007fd129bf6f58]
Event: 5.206 Thread 0x00007fd1380b4800 3640 %     4       org.apache.tomcat.util.bcel.classfile.ConstantPool::<init> @ 25 (74 bytes)
Event: 5.219 Thread 0x00007fd1380b7800 3643       3       org.apache.tomcat.util.bcel.classfile.Attribute::readAttribute (527 bytes)
Event: 5.222 Thread 0x00007fd1380b7800 nmethod 3643 0x00007fd129bf1110 code [0x00007fd129bf1660, 0x00007fd129bf4918]
Event: 5.229 Thread 0x00007fd1380b4800 nmethod 3640% 0x00007fd129bee3d0 code [0x00007fd129bee7e0, 0x00007fd129befdf0]
Event: 5.232 Thread 0x00007fd1380b4800 3494       4       java.io.DataInputStream::readUTF (501 bytes)

GC Heap History (10 events):
Event: 1.576 GC heap after
Heap after GC invocations=5 (full 0):
 PSYoungGen      total 32768K, used 2016K [0x00000000ece00000, 0x00000000f1800000, 0x0000000100000000)
  eden space 30720K, 0% used [0x00000000ece00000,0x00000000ece00000,0x00000000eec00000)
  from space 2048K, 98% used [0x00000000eec00000,0x00000000eedf8020,0x00000000eee00000)
  to   space 7168K, 0% used [0x00000000f1100000,0x00000000f1100000,0x00000000f1800000)
 ParOldGen       total 39936K, used 11418K [0x00000000c6a00000, 0x00000000c9100000, 0x00000000ece00000)
  object space 39936K, 28% used [0x00000000c6a00000,0x00000000c7526890,0x00000000c9100000)
 Metaspace       used 14887K, capacity 15082K, committed 15232K, reserved 1062912K
  class space    used 1794K, capacity 1903K, committed 1920K, reserved 1048576K
}
Event: 2.185 GC heap before
{Heap before GC invocations=6 (full 0):
 PSYoungGen      total 32768K, used 32736K [0x00000000ece00000, 0x00000000f1800000, 0x0000000100000000)
  eden space 30720K, 100% used [0x00000000ece00000,0x00000000eec00000,0x00000000eec00000)
  from space 2048K, 98% used [0x00000000eec00000,0x00000000eedf8020,0x00000000eee00000)
  to   space 7168K, 0% used [0x00000000f1100000,0x00000000f1100000,0x00000000f1800000)
 ParOldGen       total 39936K, used 11418K [0x00000000c6a00000, 0x00000000c9100000, 0x00000000ece00000)
  object space 39936K, 28% used [0x00000000c6a00000,0x00000000c7526890,0x00000000c9100000)
 Metaspace       used 16129K, capacity 16442K, committed 16640K, reserved 1064960K
  class space    used 1918K, capacity 2011K, committed 2048K, reserved 1048576K
Event: 2.193 GC heap after
Heap after GC invocations=6 (full 0):
 PSYoungGen      total 68608K, used 4952K [0x00000000ece00000, 0x00000000f1800000, 0x0000000100000000)
  eden space 61440K, 0% used [0x00000000ece00000,0x00000000ece00000,0x00000000f0a00000)
  from space 7168K, 69% used [0x00000000f1100000,0x00000000f15d6220,0x00000000f1800000)
  to   space 7168K, 0% used [0x00000000f0a00000,0x00000000f0a00000,0x00000000f1100000)
 ParOldGen       total 39936K, used 11418K [0x00000000c6a00000, 0x00000000c9100000, 0x00000000ece00000)
  object space 39936K, 28% used [0x00000000c6a00000,0x00000000c7526890,0x00000000c9100000)
 Metaspace       used 16129K, capacity 16442K, committed 16640K, reserved 1064960K
  class space    used 1918K, capacity 2011K, committed 2048K, reserved 1048576K
}
Event: 3.028 GC heap before
{Heap before GC invocations=7 (full 0):
 PSYoungGen      total 68608K, used 66392K [0x00000000ece00000, 0x00000000f1800000, 0x0000000100000000)
  eden space 61440K, 100% used [0x00000000ece00000,0x00000000f0a00000,0x00000000f0a00000)
  from space 7168K, 69% used [0x00000000f1100000,0x00000000f15d6220,0x00000000f1800000)
  to   space 7168K, 0% used [0x00000000f0a00000,0x00000000f0a00000,0x00000000f1100000)
 ParOldGen       total 39936K, used 11418K [0x00000000c6a00000, 0x00000000c9100000, 0x00000000ece00000)
  object space 39936K, 28% used [0x00000000c6a00000,0x00000000c7526890,0x00000000c9100000)
 Metaspace       used 17710K, capacity 18116K, committed 18432K, reserved 1064960K
  class space    used 2049K, capacity 2192K, committed 2304K, reserved 1048576K
Event: 3.050 GC heap after
Heap after GC invocations=7 (full 0):
 PSYoungGen      total 68608K, used 7167K [0x00000000ece00000, 0x00000000f5700000, 0x0000000100000000)
  eden space 61440K, 0% used [0x00000000ece00000,0x00000000ece00000,0x00000000f0a00000)
  from space 7168K, 99% used [0x00000000f0a00000,0x00000000f10ffda8,0x00000000f1100000)
  to   space 8704K, 0% used [0x00000000f4e80000,0x00000000f4e80000,0x00000000f5700000)
 ParOldGen       total 39936K, used 12414K [0x00000000c6a00000, 0x00000000c9100000, 0x00000000ece00000)
  object space 39936K, 31% used [0x00000000c6a00000,0x00000000c761fa88,0x00000000c9100000)
 Metaspace       used 17710K, capacity 18116K, committed 18432K, reserved 1064960K
  class space    used 2049K, capacity 2192K, committed 2304K, reserved 1048576K
}
Event: 3.417 GC heap before
{Heap before GC invocations=8 (full 0):
 PSYoungGen      total 68608K, used 21887K [0x00000000ece00000, 0x00000000f5700000, 0x0000000100000000)
  eden space 61440K, 23% used [0x00000000ece00000,0x00000000edc5ffe0,0x00000000f0a00000)
  from space 7168K, 99% used [0x00000000f0a00000,0x00000000f10ffda8,0x00000000f1100000)
  to   space 8704K, 0% used [0x00000000f4e80000,0x00000000f4e80000,0x00000000f5700000)
 ParOldGen       total 39936K, used 12414K [0x00000000c6a00000, 0x00000000c9100000, 0x00000000ece00000)
  object space 39936K, 31% used [0x00000000c6a00000,0x00000000c761fa88,0x00000000c9100000)
 Metaspace       used 20856K, capacity 21268K, committed 21296K, reserved 1069056K
  class space    used 2421K, capacity 2580K, committed 2608K, reserved 1048576K
Event: 3.439 GC heap after
Heap after GC invocations=8 (full 0):
 PSYoungGen      total 131072K, used 7974K [0x00000000ece00000, 0x00000000f5800000, 0x0000000100000000)
  eden space 122368K, 0% used [0x00000000ece00000,0x00000000ece00000,0x00000000f4580000)
  from space 8704K, 91% used [0x00000000f4e80000,0x00000000f56498f0,0x00000000f5700000)
  to   space 9216K, 0% used [0x00000000f4580000,0x00000000f4580000,0x00000000f4e80000)
 ParOldGen       total 39936K, used 12854K [0x00000000c6a00000, 0x00000000c9100000, 0x00000000ece00000)
  object space 39936K, 32% used [0x00000000c6a00000,0x00000000c768da88,0x00000000c9100000)
 Metaspace       used 20856K, capacity 21268K, committed 21296K, reserved 1069056K
  class space    used 2421K, capacity 2580K, committed 2608K, reserved 1048576K
}
Event: 3.439 GC heap before
{Heap before GC invocations=9 (full 1):
 PSYoungGen      total 131072K, used 7974K [0x00000000ece00000, 0x00000000f5800000, 0x0000000100000000)
  eden space 122368K, 0% used [0x00000000ece00000,0x00000000ece00000,0x00000000f4580000)
  from space 8704K, 91% used [0x00000000f4e80000,0x00000000f56498f0,0x00000000f5700000)
  to   space 9216K, 0% used [0x00000000f4580000,0x00000000f4580000,0x00000000f4e80000)
 ParOldGen       total 39936K, used 12854K [0x00000000c6a00000, 0x00000000c9100000, 0x00000000ece00000)
  object space 39936K, 32% used [0x00000000c6a00000,0x00000000c768da88,0x00000000c9100000)
 Metaspace       used 20856K, capacity 21268K, committed 21296K, reserved 1069056K
  class space    used 2421K, capacity 2580K, committed 2608K, reserved 1048576K
Event: 3.557 GC heap after
Heap after GC invocations=9 (full 1):
 PSYoungGen      total 131072K, used 0K [0x00000000ece00000, 0x00000000f5800000, 0x0000000100000000)
  eden space 122368K, 0% used [0x00000000ece00000,0x00000000ece00000,0x00000000f4580000)
  from space 8704K, 0% used [0x00000000f4e80000,0x00000000f4e80000,0x00000000f5700000)
  to   space 9216K, 0% used [0x00000000f4580000,0x00000000f4580000,0x00000000f4e80000)
 ParOldGen       total 41472K, used 13624K [0x00000000c6a00000, 0x00000000c9280000, 0x00000000ece00000)
  object space 41472K, 32% used [0x00000000c6a00000,0x00000000c774e340,0x00000000c9280000)
 Metaspace       used 20856K, capacity 21268K, committed 21296K, reserved 1069056K
  class space    used 2421K, capacity 2580K, committed 2608K, reserved 1048576K
}
Event: 33.739 GC heap before
{Heap before GC invocations=10 (full 1):
 PSYoungGen      total 131072K, used 122368K [0x00000000ece00000, 0x00000000f5800000, 0x0000000100000000)
  eden space 122368K, 100% used [0x00000000ece00000,0x00000000f4580000,0x00000000f4580000)
  from space 8704K, 0% used [0x00000000f4e80000,0x00000000f4e80000,0x00000000f5700000)
  to   space 9216K, 0% used [0x00000000f4580000,0x00000000f4580000,0x00000000f4e80000)
 ParOldGen       total 41472K, used 13624K [0x00000000c6a00000, 0x00000000c9280000, 0x00000000ece00000)
  object space 41472K, 32% used [0x00000000c6a00000,0x00000000c774e340,0x00000000c9280000)
 Metaspace       used 23355K, capacity 23772K, committed 23856K, reserved 1071104K
  class space    used 2686K, capacity 2859K, committed 2864K, reserved 1048576K

Deoptimization events (10 events):
Event: 3.909 Thread 0x00007fd0f4001800 Uncommon trap: reason=unstable_if action=reinterpret pc=0x00007fd129722fc4 method=java.lang.ThreadLocal.get()Ljava/lang/Object; @ 11
Event: 3.961 Thread 0x00007fd0f4001800 Uncommon trap: reason=bimorphic action=maybe_recompile pc=0x00007fd129ad68dc method=java.util.Hashtable.get(Ljava/lang/Object;)Ljava/lang/Object; @ 6
Event: 3.961 Thread 0x00007fd0f4001800 Uncommon trap: reason=bimorphic action=maybe_recompile pc=0x00007fd129ad68dc method=java.util.Hashtable.get(Ljava/lang/Object;)Ljava/lang/Object; @ 6
Event: 3.974 Thread 0x00007fd0f4001800 Uncommon trap: reason=bimorphic action=maybe_recompile pc=0x00007fd129ad68dc method=java.util.Hashtable.get(Ljava/lang/Object;)Ljava/lang/Object; @ 6
Event: 3.974 Thread 0x00007fd0f4001800 Uncommon trap: reason=bimorphic action=maybe_recompile pc=0x00007fd129ad68dc method=java.util.Hashtable.get(Ljava/lang/Object;)Ljava/lang/Object; @ 6
Event: 3.977 Thread 0x00007fd0f4001800 Uncommon trap: reason=unstable_if action=reinterpret pc=0x00007fd129259cb4 method=java.lang.AbstractStringBuilder.append(Ljava/lang/String;)Ljava/lang/AbstractStringBuilder; @ 1
Event: 3.977 Thread 0x00007fd0f4001800 Uncommon trap: reason=unstable_if action=reinterpret pc=0x00007fd129229938 method=java.lang.AbstractStringBuilder.append(Ljava/lang/String;)Ljava/lang/AbstractStringBuilder; @ 1
Event: 4.189 Thread 0x00007fd0f4001800 Uncommon trap: reason=unstable_if action=reinterpret pc=0x00007fd129213ff4 method=sun.misc.URLClassPath$JarLoader.getResource(Ljava/lang/String;Z)Lsun/misc/Resource; @ 15
Event: 4.201 Thread 0x00007fd0f4001800 Uncommon trap: reason=unstable_if action=reinterpret pc=0x00007fd129ae7b1c method=java.net.URLClassLoader.definePackageInternal(Ljava/lang/String;Ljava/util/jar/Manifest;Ljava/net/URL;)V @ 11
Event: 5.218 Thread 0x00007fd0f4001800 Uncommon trap: reason=unloaded action=reinterpret pc=0x00007fd129bfd79c method=org.apache.tomcat.util.bcel.classfile.Attribute.readAttribute(Ljava/io/DataInputStream;Lorg/apache/tomcat/util/bcel/classfile/ConstantPool;)Lorg/apache/tomcat/util/bcel/classfi

Classes redefined (0 events):
No events

Internal exceptions (10 events):
Event: 1.420 Thread 0x00007fd13800b000 Exception <a 'java/lang/NullPointerException'> (0x00000000ee311fd8) thrown at [/build/openjdk-8-lTwZJE/openjdk-8-8u181-b13/src/hotspot/src/share/vm/interpreter/linkResolver.cpp, line 1185]
Event: 1.420 Thread 0x00007fd13800b000 Exception <a 'java/lang/NullPointerException'> (0x00000000ee3121f0) thrown at [/build/openjdk-8-lTwZJE/openjdk-8-8u181-b13/src/hotspot/src/share/vm/interpreter/linkResolver.cpp, line 1185]
Event: 1.605 Thread 0x00007fd13800b000 Implicit null exception at 0x00007fd129266175 to 0x00007fd129266351
Event: 1.667 Thread 0x00007fd13800b000 Implicit null exception at 0x00007fd1293d8c7b to 0x00007fd1293d9115
Event: 1.814 Thread 0x00007fd13800b000 Implicit null exception at 0x00007fd129604657 to 0x00007fd129604de5
Event: 3.115 Thread 0x00007fd13800b000 Exception <a 'java/io/FileNotFoundException'> (0x00000000ed224838) thrown at [/build/openjdk-8-lTwZJE/openjdk-8-8u181-b13/src/hotspot/src/share/vm/prims/jni.cpp, line 709]
Event: 3.844 Thread 0x00007fd13800b000 Exception <a 'java/net/BindException'> (0x00000000ed7c2420) thrown at [/build/openjdk-8-lTwZJE/openjdk-8-8u181-b13/src/hotspot/src/share/vm/prims/jni.cpp, line 709]
Event: 3.909 Thread 0x00007fd0f4001800 Implicit null exception at 0x00007fd129722ecc to 0x00007fd129722fad
Event: 3.977 Thread 0x00007fd0f4001800 Implicit null exception at 0x00007fd1292598f5 to 0x00007fd129259ca1
Event: 3.977 Thread 0x00007fd0f4001800 Implicit null exception at 0x00007fd129229576 to 0x00007fd129229921

Events (10 events):
Event: 5.222 Thread 0x00007fd1380b7800 flushing nmethod 0x00007fd129119650
Event: 5.222 Thread 0x00007fd1380b7800 flushing nmethod 0x00007fd12911acd0
Event: 5.222 Thread 0x00007fd1380b7800 flushing nmethod 0x00007fd129121c90
Event: 5.246 Thread 0x00007fd0f4001800 DEOPT PACKING pc=0x00007fd129b91725 sp=0x00007fd121772fc0
Event: 5.246 Thread 0x00007fd0f4001800 DEOPT UNPACKING pc=0x00007fd1290474c4 sp=0x00007fd121772d20 mode 0
Event: 5.257 Thread 0x00007fd0f4001800 DEOPT PACKING pc=0x00007fd129b91725 sp=0x00007fd121772fc0
Event: 5.257 Thread 0x00007fd0f4001800 DEOPT UNPACKING pc=0x00007fd1290474c4 sp=0x00007fd121772d20 mode 0
Event: 32.230 Thread 0x00007fd0f4001800 DEOPT PACKING pc=0x00007fd129b91725 sp=0x00007fd121772fc0
Event: 32.230 Thread 0x00007fd0f4001800 DEOPT UNPACKING pc=0x00007fd1290474c4 sp=0x00007fd121772d20 mode 0
Event: 32.233 Executing VM operation: ParallelGCFailedAllocation


Dynamic libraries:
00400000-00401000 r-xp 00000000 00:19 1286022                            /usr/lib/jvm/java-8-openjdk-amd64/jre/bin/java
00600000-00601000 r--p 00000000 00:19 1286022                            /usr/lib/jvm/java-8-openjdk-amd64/jre/bin/java
00601000-00602000 rw-p 00001000 00:19 1286022                            /usr/lib/jvm/java-8-openjdk-amd64/jre/bin/java
0223f000-02260000 rw-p 00000000 00:00 0                                  [heap]
c6a00000-c9280000 rw-p 00000000 00:00 0 
c9280000-ece00000 ---p 00000000 00:00 0 
ece00000-f5800000 rw-p 00000000 00:00 0 
f9b00000-100000000 ---p 00000000 00:00 0 
100000000-1002cc000 rw-p 00000000 00:00 0 
1002cc000-140000000 ---p 00000000 00:00 0 
7fd0ec000000-7fd0ecb8f000 rw-p 00000000 00:00 0 
7fd0ecb8f000-7fd0f0000000 ---p 00000000 00:00 0 
7fd0f4000000-7fd0f4021000 rw-p 00000000 00:00 0 
7fd0f4021000-7fd0f8000000 ---p 00000000 00:00 0 
7fd0f8fff000-7fd0fc000000 rw-p 00000000 00:00 0 
7fd0fc000000-7fd0fc021000 rw-p 00000000 00:00 0 
7fd0fc021000-7fd100000000 ---p 00000000 00:00 0 
7fd100000000-7fd100021000 rw-p 00000000 00:00 0 
7fd100021000-7fd104000000 ---p 00000000 00:00 0 
7fd104000000-7fd105831000 rw-p 00000000 00:00 0 
7fd105831000-7fd108000000 ---p 00000000 00:00 0 
7fd108000000-7fd108c87000 rw-p 00000000 00:00 0 
7fd108c87000-7fd10c000000 ---p 00000000 00:00 0 
7fd10c000000-7fd10c021000 rw-p 00000000 00:00 0 
7fd10c021000-7fd110000000 ---p 00000000 00:00 0 
7fd110000000-7fd110021000 rw-p 00000000 00:00 0 
7fd110021000-7fd114000000 ---p 00000000 00:00 0 
7fd114000000-7fd114021000 rw-p 00000000 00:00 0 
7fd114021000-7fd118000000 ---p 00000000 00:00 0 
7fd118000000-7fd118021000 rw-p 00000000 00:00 0 
7fd118021000-7fd11c000000 ---p 00000000 00:00 0 
7fd11c000000-7fd11c021000 rw-p 00000000 00:00 0 
7fd11c021000-7fd120000000 ---p 00000000 00:00 0 
7fd1213e6000-7fd1213f9000 r--s 00346000 00:19 1286054                    /usr/lib/jvm/java-8-openjdk-amd64/jre/lib/resources.jar
7fd1213f9000-7fd121479000 rw-p 00000000 00:00 0 
7fd121479000-7fd1215f9000 ---p 00000000 00:00 0 
7fd1215f9000-7fd12160b000 r--s 000b4000 00:19 267060                     /home/user/.m2/repository/org/springframework/spring-web/4.3.0.RELEASE/spring-web-4.3.0.RELEASE.jar
7fd12160b000-7fd121610000 r--s 0003c000 00:19 267058                     /home/user/.m2/repository/org/springframework/spring-expression/4.3.0.RELEASE/spring-expression-4.3.0.RELEASE.jar
7fd121610000-7fd121612000 r--s 0000e000 00:19 267056                     /home/user/.m2/repository/commons-logging/commons-logging/1.2/commons-logging-1.2.jar
7fd121612000-7fd121629000 r--s 000f9000 00:19 267054                     /home/user/.m2/repository/org/springframework/spring-core/4.3.0.RELEASE/spring-core-4.3.0.RELEASE.jar
7fd121629000-7fd121642000 r--s 000fc000 00:19 267052                     /home/user/.m2/repository/org/springframework/spring-context/4.3.0.RELEASE/spring-context-4.3.0.RELEASE.jar
7fd121642000-7fd12164f000 r--s 000ab000 00:19 267050                     /home/user/.m2/repository/org/springframework/spring-beans/4.3.0.RELEASE/spring-beans-4.3.0.RELEASE.jar
7fd12164f000-7fd121658000 r--s 00054000 00:19 267048                     /home/user/.m2/repository/org/springframework/spring-aop/4.3.0.RELEASE/spring-aop-4.3.0.RELEASE.jar
7fd121658000-7fd12166a000 r--s 000cc000 00:19 267046                     /home/user/.m2/repository/org/springframework/spring-webmvc/4.3.0.RELEASE/spring-webmvc-4.3.0.RELEASE.jar
7fd12166a000-7fd121674000 r--s 0005c000 00:19 266892                     /home/user/.m2/repository/javax/servlet/jstl/1.2/jstl-1.2.jar
7fd121674000-7fd121677000 ---p 00000000 00:00 0 
7fd121677000-7fd121775000 rw-p 00000000 00:00 0 
7fd121775000-7fd121778000 ---p 00000000 00:00 0 
7fd121778000-7fd121a76000 rw-p 00000000 00:00 0 
7fd121a76000-7fd121a7f000 r-xp 00000000 00:19 1286084                    /usr/lib/jvm/java-8-openjdk-amd64/jre/lib/amd64/libmanagement.so
7fd121a7f000-7fd121c7e000 ---p 00009000 00:19 1286084                    /usr/lib/jvm/java-8-openjdk-amd64/jre/lib/amd64/libmanagement.so
7fd121c7e000-7fd121c7f000 r--p 00008000 00:19 1286084                    /usr/lib/jvm/java-8-openjdk-amd64/jre/lib/amd64/libmanagement.so
7fd121c7f000-7fd121c80000 rw-p 00009000 00:19 1286084                    /usr/lib/jvm/java-8-openjdk-amd64/jre/lib/amd64/libmanagement.so
7fd121c80000-7fd121e80000 rw-p 00000000 00:00 0 
7fd121e80000-7fd121e82000 r--s 00003000 00:19 267977                     /home/user/.m2/repository/org/slf4j/jcl-over-slf4j/1.7.5/jcl-over-slf4j-1.7.5.jar
7fd121e82000-7fd121e84000 r--s 00002000 00:19 267971                     /home/user/.m2/repository/org/sonatype/plexus/plexus-cipher/1.4/plexus-cipher-1.4.jar
7fd121e84000-7fd121e85000 r--s 00006000 00:19 267969                     /home/user/.m2/repository/org/sonatype/plexus/plexus-sec-dispatcher/1.3/plexus-sec-dispatcher-1.3.jar
7fd121e85000-7fd121e86000 r--s 00002000 00:19 267961                     /home/user/.m2/repository/org/apache/maven/doxia/doxia-logging-api/1.1/doxia-logging-api-1.1.jar
7fd121e86000-7fd121e88000 r--s 00002000 00:19 267959                     /home/user/.m2/repository/org/apache/maven/doxia/doxia-sink-api/1.1/doxia-sink-api-1.1.jar
7fd121e88000-7fd121e89000 r--s 00002000 00:19 267957                     /home/user/.m2/repository/org/apache/maven/reporting/maven-reporting-api/2.2.1/maven-reporting-api-2.2.1.jar
7fd121e89000-7fd121e8b000 r--s 00009000 00:19 267951                     /home/user/.m2/repository/org/apache/maven/shared/maven-filtering/1.0/maven-filtering-1.0.jar
7fd121e8b000-7fd121e8f000 r--s 00037000 00:19 267949                     /home/user/.m2/repository/org/codehaus/plexus/plexus-utils/3.0.15/plexus-utils-3.0.15.jar
7fd121e8f000-7fd121e92000 r--s 0000c000 00:19 267947                     /home/user/.m2/repository/org/codehaus/plexus/plexus-io/2.0.3/plexus-io-2.0.3.jar
7fd121e92000-7fd121e94000 r--s 00011000 00:19 267943                     /home/user/.m2/repository/org/hamcrest/hamcrest-core/1.1/hamcrest-core-1.1.jar
7fd121e94000-7fd121e9b000 r--s 00037000 00:19 267941                     /home/user/.m2/repository/junit/junit/4.10/junit-4.10.jar
7fd121e9b000-7fd121ea0000 r--s 00029000 00:19 267939                     /home/user/.m2/repository/org/codehaus/plexus/plexus-archiver/2.1.1/plexus-archiver-2.1.1.jar
7fd121ea0000-7fd121ea4000 r--s 00014000 00:19 267937                     /home/user/.m2/repository/org/tukaani/xz/1.0/xz-1.0.jar
7fd121ea4000-7fd121ea9000 r--s 00036000 00:19 267935                     /home/user/.m2/repository/org/apache/commons/commons-compress/1.4.1/commons-compress-1.4.1.jar
7fd121ea9000-7fd121eae000 r--s 00041000 00:19 267933                     /home/user/.m2/repository/commons-lang/commons-lang/2.6/commons-lang-2.6.jar
7fd121eae000-7fd121eb2000 r--s 00027000 00:19 267931                     /home/user/.m2/repository/commons-io/commons-io/2.2/commons-io-2.2.jar
7fd121eb2000-7fd121eb3000 r--s 00004000 00:19 267925                     /home/user/.m2/repository/org/apache/maven/maven-archiver/2.4.2/maven-archiver-2.4.2.jar
7fd121eb3000-7fd121eb5000 r--s 00009000 00:19 267921                     /home/user/.m2/repository/commons-cli/commons-cli/1.2/commons-cli-1.2.jar
7fd121eb5000-7fd121eb7000 r--s 00005000 00:19 267919                     /home/user/.m2/repository/org/apache/tomcat/maven/tomcat7-war-runner/2.2/tomcat7-war-runner-2.2.jar
7fd121eb7000-7fd121ebd000 r--s 00033000 00:19 267917                     /home/user/.m2/repository/commons-codec/commons-codec/1.6/commons-codec-1.6.jar
7fd121ebd000-7fd121ebf000 r--s 0000e000 00:19 267915                     /home/user/.m2/repository/commons-logging/commons-logging/1.1.3/commons-logging-1.1.3.jar
7fd121ebf000-7fd121ec5000 r--s 0003f000 00:19 267913                     /home/user/.m2/repository/org/apache/httpcomponents/httpcore/4.3/httpcore-4.3.jar
7fd121ec5000-7fd121ed0000 r--s 00084000 00:19 267911                     /home/user/.m2/repository/org/apache/httpcomponents/httpclient/4.3.1/httpclient-4.3.1.jar
7fd121ed0000-7fd121ed3000 r--s 00006000 00:19 267909                     /home/user/.m2/repository/com/google/code/findbugs/jsr305/1.3.9/jsr305-1.3.9.jar
7fd121ed3000-7fd121ef1000 r--s 00151000 00:19 267907                     /home/user/.m2/repository/com/google/guava/guava/10.0.1/guava-10.0.1.jar
7fd121ef1000-7fd121ef9000 r--s 00049000 00:19 267903                     /home/user/.m2/repository/backport-util-concurrent/backport-util-concurrent/3.1/backport-util-concurrent-3.1.jar
7fd121ef9000-7fd121efb000 r--s 00008000 00:19 267893                     /home/user/.m2/repository/org/apache/tomcat/maven/common-tomcat-maven-plugin/2.2/common-tomcat-maven-plugin-2.2.jar
7fd121efb000-7fd121f0a000 r--s 001a9000 00:19 267891                     /home/user/.m2/repository/org/eclipse/jdt/core/compiler/ecj/4.2.2/ecj-4.2.2.jar
7fd121f0a000-7fd121f0c000 r--s 00013000 00:19 267889                     /home/user/.m2/repository/org/apache/tomcat/embed/tomcat-embed-logging-log4j/7.0.47/tomcat-embed-logging-log4j-7.0.47.jar
7fd121f0c000-7fd121f0e000 r--s 00008000 00:19 267887                     /home/user/.m2/repository/org/apache/tomcat/embed/tomcat-embed-logging-juli/7.0.47/tomcat-embed-logging-juli-7.0.47.jar
7fd121f0e000-7fd121f10000 r--s 00008000 00:19 267885                     /home/user/.m2/repository/org/apache/tomcat/tomcat-juli/7.0.47/tomcat-juli-7.0.47.jar
7fd121f10000-7fd121f11000 r--s 00003000 00:19 267883                     /home/user/.m2/repository/org/apache/tomcat/tomcat-annotations-api/7.0.47/tomcat-annotations-api-7.0.47.jar
7fd121f11000-7fd121f13000 r--s 0001f000 00:19 267881                     /home/user/.m2/repository/org/apache/tomcat/tomcat-catalina-ha/7.0.47/tomcat-catalina-ha-7.0.47.jar
7fd121f13000-7fd121f17000 r--s 0003b000 00:19 267879                     /home/user/.m2/repository/org/apache/tomcat/tomcat-tribes/7.0.47/tomcat-tribes-7.0.47.jar
7fd121f17000-7fd121f29000 r--s 00171000 00:19 267876                     /home/user/.m2/repository/org/apache/tomcat/tomcat-catalina/7.0.47/tomcat-catalina-7.0.47.jar
7fd121f29000-7fd121f2b000 r--s 0000a000 00:19 267874                     /home/user/.m2/repository/org/apache/tomcat/tomcat-el-api/7.0.47/tomcat-el-api-7.0.47.jar
7fd121f2b000-7fd121f2e000 r--s 0001c000 00:19 267872                     /home/user/.m2/repository/org/apache/tomcat/tomcat-jasper-el/7.0.47/tomcat-jasper-el-7.0.47.jar
7fd121f2e000-7fd121f36000 r--s 0008b000 00:19 267870                     /home/user/.m2/repository/org/apache/tomcat/tomcat-jasper/7.0.47/tomcat-jasper-7.0.47.jar
7fd121f36000-7fd121f39000 r--s 00013000 00:19 267868                     /home/user/.m2/repository/org/apache/tomcat/tomcat-jsp-api/7.0.47/tomcat-jsp-api-7.0.47.jar
7fd121f39000-7fd121f3c000 r--s 00029000 00:19 267866                     /home/user/.m2/repository/org/apache/tomcat/tomcat-servlet-api/7.0.47/tomcat-servlet-api-7.0.47.jar
7fd121f3c000-7fd121f40000 r--s 00036000 00:19 267864                     /home/user/.m2/repository/org/apache/tomcat/tomcat-dbcp/7.0.47/tomcat-dbcp-7.0.47.jar
7fd121f40000-7fd121f42000 r--s 0001d000 00:19 267862                     /home/user/.m2/repository/org/apache/tomcat/tomcat-jdbc/7.0.47/tomcat-jdbc-7.0.47.jar
7fd121f42000-7fd121f43000 r--s 00001000 00:19 267860                     /home/user/.m2/repository/org/apache/tomcat/tomcat-api/7.0.47/tomcat-api-7.0.47.jar
7fd121f43000-7fd121f51000 r--s 000be000 00:19 267858                     /home/user/.m2/repository/org/apache/tomcat/tomcat-coyote/7.0.47/tomcat-coyote-7.0.47.jar
7fd121f51000-7fd121f52000 r--s 00005000 00:19 267856                     /home/user/.m2/repository/org/apache/tomcat/tomcat-util/7.0.47/tomcat-util-7.0.47.jar
7fd121f52000-7fd121f79000 r--s 00290000 00:19 267852                     /home/user/.m2/repository/org/apache/tomcat/embed/tomcat-embed-core/7.0.47/tomcat-embed-core-7.0.47.jar
7fd121f79000-7fd121f7b000 r--s 0001a000 00:19 267323                     /home/user/.m2/repository/org/apache/tomcat/maven/tomcat7-maven-plugin/2.2/tomcat7-maven-plugin-2.2.jar
7fd121f7b000-7fd121f7e000 r--s 0001b000 00:19 265443                     /home/user/.m2/repository/junit/junit/3.8.2/junit-3.8.2.jar
7fd121f7e000-7fd121f8c000 r--s 0008f000 00:19 265441                     /home/user/.m2/repository/com/google/collections/google-collections/1.0/google-collections-1.0.jar
7fd121f8c000-7fd121f8d000 r--s 0000a000 00:19 265439                     /home/user/.m2/repository/commons-logging/commons-logging-api/1.1/commons-logging-api-1.1.jar
7fd121f8d000-7fd121f94000 r--s 00051000 00:19 265437                     /home/user/.m2/repository/log4j/log4j/1.2.12/log4j-1.2.12.jar
7fd121f94000-7fd121f98000 r--s 0001d000 00:19 265435                     /home/user/.m2/repository/org/apache/xbean/xbean-reflect/3.4/xbean-reflect-3.4.jar
7fd121f98000-7fd121f9a000 r--s 00000000 00:19 265427                     /home/user/.m2/repository/org/codehaus/plexus/plexus-compiler-manager/2.2/plexus-compiler-manager-2.2.jar
7fd121f9a000-7fd12219a000 rw-p 00000000 00:00 0 
7fd12219a000-7fd12239a000 rw-p 00000000 00:00 0 
7fd12239a000-7fd12259a000 rw-p 00000000 00:00 0 
7fd12259a000-7fd12279a000 rw-p 00000000 00:00 0 
7fd12279a000-7fd12279c000 r-xp 00000000 00:19 462519                     /lib/x86_64-linux-gnu/libutil-2.23.so
7fd12279c000-7fd12299b000 ---p 00002000 00:19 462519                     /lib/x86_64-linux-gnu/libutil-2.23.so
7fd12299b000-7fd12299c000 r--p 00001000 00:19 462519                     /lib/x86_64-linux-gnu/libutil-2.23.so
7fd12299c000-7fd12299d000 rw-p 00002000 00:19 462519                     /lib/x86_64-linux-gnu/libutil-2.23.so
7fd12299d000-7fd12299e000 r--s 00004000 00:19 265429                     /home/user/.m2/repository/org/codehaus/plexus/plexus-compiler-javac/2.2/plexus-compiler-javac-2.2.jar
7fd12299e000-7fd1229a0000 r--s 00005000 00:19 265425                     /home/user/.m2/repository/org/codehaus/plexus/plexus-compiler-api/2.2/plexus-compiler-api-2.2.jar
7fd1229a0000-7fd1229a2000 r--s 00000000 00:19 265423                     /home/user/.m2/repository/org/codehaus/plexus/plexus-component-annotations/1.5.5/plexus-component-annotations-1.5.5.jar
7fd1229a2000-7fd1229a4000 r--s 00002000 00:19 265421                     /home/user/.m2/repository/org/apache/maven/shared/maven-shared-incremental/1.1/maven-shared-incremental-1.1.jar
7fd1229a4000-7fd1229a6000 r--s 00006000 00:19 265419                     /home/user/.m2/repository/com/google/code/findbugs/jsr305/2.0.1/jsr305-2.0.1.jar
7fd1229a6000-7fd1229a9000 r--s 00023000 00:19 265417                     /home/user/.m2/repository/org/apache/maven/shared/maven-shared-utils/0.1/maven-shared-utils-0.1.jar
7fd1229a9000-7fd1229ad000 r--s 00030000 00:19 265389                     /home/user/.m2/repository/org/codehaus/plexus/plexus-utils/1.5.1/plexus-utils-1.5.1.jar
7fd1229ad000-7fd1229af000 r--s 00009000 00:19 264599                     /home/user/.m2/repository/org/apache/maven/plugins/maven-compiler-plugin/3.1/maven-compiler-plugin-3.1.jar
7fd1229af000-7fd1229b1000 r--s 0000d000 00:19 266619                     /home/user/.m2/repository/org/codehaus/plexus/plexus-interpolation/1.13/plexus-interpolation-1.13.jar
7fd1229b1000-7fd1229b3000 r--s 00009000 00:19 266615                     /home/user/.m2/repository/org/apache/maven/shared/maven-filtering/1.1/maven-filtering-1.1.jar
7fd1229b3000-7fd1229b7000 r--s 00033000 00:19 266598                     /home/user/.m2/repository/org/codehaus/plexus/plexus-utils/2.0.5/plexus-utils-2.0.5.jar
7fd1229b7000-7fd1229ba000 r--s 0001b000 00:19 265890                     /home/user/.m2/repository/junit/junit/3.8.1/junit-3.8.1.jar
7fd1229ba000-7fd1229bc000 r--s 00002000 00:19 266080                     /home/user/.m2/repository/org/codehaus/plexus/plexus-interactivity-api/1.0-alpha-4/plexus-interactivity-api-1.0-alpha-4.jar
7fd1229bc000-7fd1229be000 r--s 00006000 00:19 266076                     /home/user/.m2/repository/commons-cli/commons-cli/1.0/commons-cli-1.0.jar
7fd1229be000-7fd1229c1000 r-xp 00000000 00:19 1295129                    /tmp/libjansi-1.17-6095444694905989817.so
7fd1229c1000-7fd122bc0000 ---p 00003000 00:19 1295129                    /tmp/libjansi-1.17-6095444694905989817.so
7fd122bc0000-7fd122bc1000 rw-p 00002000 00:19 1295129                    /tmp/libjansi-1.17-6095444694905989817.so
7fd122bc1000-7fd122bd8000 r-xp 00000000 00:19 1286081                    /usr/lib/jvm/java-8-openjdk-amd64/jre/lib/amd64/libnet.so
7fd122bd8000-7fd122dd7000 ---p 00017000 00:19 1286081                    /usr/lib/jvm/java-8-openjdk-amd64/jre/lib/amd64/libnet.so
7fd122dd7000-7fd122dd8000 r--p 00016000 00:19 1286081                    /usr/lib/jvm/java-8-openjdk-amd64/jre/lib/amd64/libnet.so
7fd122dd8000-7fd122dd9000 rw-p 00017000 00:19 1286081                    /usr/lib/jvm/java-8-openjdk-amd64/jre/lib/amd64/libnet.so
7fd122dd9000-7fd122dea000 r-xp 00000000 00:19 1286080                    /usr/lib/jvm/java-8-openjdk-amd64/jre/lib/amd64/libnio.so
7fd122dea000-7fd122fea000 ---p 00011000 00:19 1286080                    /usr/lib/jvm/java-8-openjdk-amd64/jre/lib/amd64/libnio.so
7fd122fea000-7fd122feb000 r--p 00011000 00:19 1286080                    /usr/lib/jvm/java-8-openjdk-amd64/jre/lib/amd64/libnio.so
7fd122feb000-7fd122fec000 rw-p 00012000 00:19 1286080                    /usr/lib/jvm/java-8-openjdk-amd64/jre/lib/amd64/libnio.so
7fd122fec000-7fd12301b000 r--s 00226000 00:19 1287656                    /usr/local/eclipse/plugins/org.eclipse.m2e.maven.runtime_1.9.1.20180912-1600/jars/guava-20.0.jar
7fd12301b000-7fd12301c000 ---p 00000000 00:00 0 
7fd12301c000-7fd12311c000 rw-p 00000000 00:00 0 
7fd12311c000-7fd12311f000 ---p 00000000 00:00 0 
7fd12311f000-7fd12321d000 rw-p 00000000 00:00 0 
7fd12321d000-7fd123220000 ---p 00000000 00:00 0 
7fd123220000-7fd12331e000 rw-p 00000000 00:00 0 
7fd12331e000-7fd123321000 ---p 00000000 00:00 0 
7fd123321000-7fd12341f000 rw-p 00000000 00:00 0 
7fd12341f000-7fd123422000 ---p 00000000 00:00 0 
7fd123422000-7fd123520000 rw-p 00000000 00:00 0 
7fd123520000-7fd1237f8000 r--p 00000000 00:19 547201                     /usr/lib/locale/locale-archive
7fd1237f8000-7fd1237fb000 ---p 00000000 00:00 0 
7fd1237fb000-7fd1238f9000 rw-p 00000000 00:00 0 
7fd1238f9000-7fd1238fc000 ---p 00000000 00:00 0 
7fd1238fc000-7fd1239fa000 rw-p 00000000 00:00 0 
7fd1239fa000-7fd1239fb000 ---p 00000000 00:00 0 
7fd1239fb000-7fd124000000 rw-p 00000000 00:00 0 
7fd124000000-7fd124021000 rw-p 00000000 00:00 0 
7fd124021000-7fd128000000 ---p 00000000 00:00 0 
7fd128000000-7fd128001000 r--s 00001000 00:19 266617                     /home/user/.m2/repository/org/sonatype/plexus/plexus-build-api/0.0.4/plexus-build-api-0.0.4.jar
7fd128001000-7fd128002000 r--s 00001000 00:19 266070                     /home/user/.m2/repository/org/apache/maven/doxia/doxia-sink-api/1.0-alpha-7/doxia-sink-api-1.0-alpha-7.jar
7fd128002000-7fd128003000 r--s 00002000 00:19 266068                     /home/user/.m2/repository/org/apache/maven/reporting/maven-reporting-api/2.0.6/maven-reporting-api-2.0.6.jar
7fd128003000-7fd128005000 r--s 00006000 00:19 264581                     /home/user/.m2/repository/org/apache/maven/plugins/maven-resources-plugin/2.6/maven-resources-plugin-2.6.jar
7fd128005000-7fd12800a000 r--s 0009d000 00:19 1286122                    /usr/lib/jvm/java-8-openjdk-amd64/jre/lib/jsse.jar
7fd12800a000-7fd12800b000 r--s 00002000 00:19 1287704                    /usr/local/eclipse/plugins/org.eclipse.m2e.maven.runtime.slf4j.simple_1.9.1.20180912-1600/jars/slf4j-simple-1.7.5.jar
7fd12800b000-7fd128010000 r--s 00060000 00:19 1287679                    /usr/local/eclipse/plugins/org.eclipse.m2e.maven.runtime_1.9.1.20180912-1600/jars/okhttp-3.11.0.jar
7fd128010000-7fd128012000 r--s 0000a000 00:19 1287667                    /usr/local/eclipse/plugins/org.eclipse.m2e.maven.runtime_1.9.1.20180912-1600/jars/maven-plugin-api-3.5.3.jar
7fd128012000-7fd128017000 r--s 00027000 00:19 1287666                    /usr/local/eclipse/plugins/org.eclipse.m2e.maven.runtime_1.9.1.20180912-1600/jars/maven-model-builder-3.5.3.jar
7fd128017000-7fd12801a000 r--s 00026000 00:19 1287678                    /usr/local/eclipse/plugins/org.eclipse.m2e.maven.runtime_1.9.1.20180912-1600/jars/maven-shared-utils-3.2.1.jar
7fd12801a000-7fd12801b000 r--s 00003000 00:19 1287661                    /usr/local/eclipse/plugins/org.eclipse.m2e.maven.runtime_1.9.1.20180912-1600/jars/maven-builder-support-3.5.3.jar
7fd12801b000-7fd12801d000 r--s 0000c000 00:19 1287691                    /usr/local/eclipse/plugins/org.eclipse.m2e.maven.runtime_1.9.1.20180912-1600/jars/wagon-provider-api-3.0.0.jar
7fd12801d000-7fd12801e000 r--s 00006000 00:19 1287668                    /usr/local/eclipse/plugins/org.eclipse.m2e.maven.runtime_1.9.1.20180912-1600/jars/maven-repository-metadata-3.5.3.jar
7fd12801e000-7fd128020000 r--s 0000b000 00:19 1287651                    /usr/local/eclipse/plugins/org.eclipse.m2e.maven.runtime_1.9.1.20180912-1600/jars/aether-connector-okhttp-0.17.4.jar
7fd128020000-7fd128024000 r--s 0003c000 00:19 1287689                    /usr/local/eclipse/plugins/org.eclipse.m2e.maven.runtime_1.9.1.20180912-1600/jars/plexus-utils-3.1.0.jar
7fd128024000-7fd128026000 r--s 0000c000 00:19 1287660                    /usr/local/eclipse/plugins/org.eclipse.m2e.maven.runtime_1.9.1.20180912-1600/jars/maven-artifact-3.5.3.jar
7fd128026000-7fd128028000 r--s 00007000 00:19 1287673                    /usr/local/eclipse/plugins/org.eclipse.m2e.maven.runtime_1.9.1.20180912-1600/jars/maven-resolver-spi-1.1.1.jar
7fd128028000-7fd128030000 r--s 0006e000 00:19 1287655                    /usr/local/eclipse/plugins/org.eclipse.m2e.maven.runtime_1.9.1.20180912-1600/jars/commons-lang3-3.5.jar
7fd128030000-7fd128032000 r--s 00006000 00:19 1287674                    /usr/local/eclipse/plugins/org.eclipse.m2e.maven.runtime_1.9.1.20180912-1600/jars/maven-resolver-transport-wagon-1.1.1.jar
7fd128032000-7fd128034000 r--s 0000f000 00:19 1287672                    /usr/local/eclipse/plugins/org.eclipse.m2e.maven.runtime_1.9.1.20180912-1600/jars/maven-resolver-provider-3.5.3.jar
7fd128034000-7fd128035000 r--s 00002000 00:19 1287690                    /usr/local/eclipse/plugins/org.eclipse.m2e.maven.runtime_1.9.1.20180912-1600/jars/wagon-file-3.0.0.jar
7fd128035000-7fd128036000 r--s 00014000 00:19 1287680                    /usr/local/eclipse/plugins/org.eclipse.m2e.maven.runtime_1.9.1.20180912-1600/jars/okio-1.14.0.jar
7fd128036000-7fd128037000 r--s 00001000 00:19 1287659                    /usr/local/eclipse/plugins/org.eclipse.m2e.maven.runtime_1.9.1.20180912-1600/jars/jsr250-api-1.0.jar
7fd128037000-7fd12803b000 r--s 0002a000 00:19 1287671                    /usr/local/eclipse/plugins/org.eclipse.m2e.maven.runtime_1.9.1.20180912-1600/jars/maven-resolver-impl-1.1.1.jar
7fd12803b000-7fd12803d000 r--s 00000000 00:19 1287686                    /usr/local/eclipse/plugins/org.eclipse.m2e.maven.runtime_1.9.1.20180912-1600/jars/plexus-component-annotations-1.7.1.jar
7fd12803d000-7fd128041000 r--s 00020000 00:19 1287669                    /usr/local/eclipse/plugins/org.eclipse.m2e.maven.runtime_1.9.1.20180912-1600/jars/maven-resolver-api-1.1.1.jar
7fd128041000-7fd128042000 r--s 0000a000 00:19 1287676                    /usr/local/eclipse/plugins/org.eclipse.m2e.maven.runtime_1.9.1.20180912-1600/jars/maven-settings-3.5.3.jar
7fd128042000-7fd128045000 r--s 00008000 00:19 1287652                    /usr/local/eclipse/plugins/org.eclipse.m2e.maven.runtime_1.9.1.20180912-1600/jars/cdi-api-1.0.jar
7fd128045000-7fd12804b000 r--s 0002d000 00:19 1287682                    /usr/local/eclipse/plugins/org.eclipse.m2e.maven.runtime_1.9.1.20180912-1600/jars/org.eclipse.sisu.plexus-0.3.3.jar
7fd12804b000-7fd12804e000 r--s 00016000 00:19 1287664                    /usr/local/eclipse/plugins/org.eclipse.m2e.maven.runtime_1.9.1.20180912-1600/jars/maven-embedder-3.5.3.jar
7fd12804e000-7fd128055000 r--s 00041000 00:19 1287662                    /usr/local/eclipse/plugins/org.eclipse.m2e.maven.runtime_1.9.1.20180912-1600/jars/maven-compat-3.5.3.jar
7fd128055000-7fd128057000 r--s 00009000 00:19 1287677                    /usr/local/eclipse/plugins/org.eclipse.m2e.maven.runtime_1.9.1.20180912-1600/jars/maven-settings-builder-3.5.3.jar
7fd128057000-7fd12805b000 r--s 00042000 00:19 1287658                    /usr/local/eclipse/plugins/org.eclipse.m2e.maven.runtime_1.9.1.20180912-1600/jars/jansi-1.17.jar
7fd12805b000-7fd128062000 r--s 00056000 00:19 1287681                    /usr/local/eclipse/plugins/org.eclipse.m2e.maven.runtime_1.9.1.20180912-1600/jars/org.eclipse.sisu.inject-0.3.3.jar
7fd128062000-7fd128466000 rw-p 00000000 00:00 0 
7fd128466000-7fd128635000 r--s 03c33000 00:19 1286121                    /usr/lib/jvm/java-8-openjdk-amd64/jre/lib/rt.jar
7fd128635000-7fd129000000 rw-p 00000000 00:00 0 
7fd129000000-7fd129c20000 rwxp 00000000 00:00 0 
7fd129c20000-7fd138000000 ---p 00000000 00:00 0 
7fd138000000-7fd138f0b000 rw-p 00000000 00:00 0 
7fd138f0b000-7fd13c000000 ---p 00000000 00:00 0 
7fd13c000000-7fd13c002000 r--s 00002000 00:19 1287684                    /usr/local/eclipse/plugins/org.eclipse.m2e.maven.runtime_1.9.1.20180912-1600/jars/plexus-cipher-1.7.jar
7fd13c002000-7fd13c003000 r--s 00006000 00:19 1287688                    /usr/local/eclipse/plugins/org.eclipse.m2e.maven.runtime_1.9.1.20180912-1600/jars/plexus-sec-dispatcher-1.4.jar
7fd13c003000-7fd13c00c000 r--s 0005f000 00:19 1287657                    /usr/local/eclipse/plugins/org.eclipse.m2e.maven.runtime_1.9.1.20180912-1600/jars/guice-4.0-no_aop.jar
7fd13c00c000-7fd13c00f000 r--s 00011000 00:19 1287687                    /usr/local/eclipse/plugins/org.eclipse.m2e.maven.runtime_1.9.1.20180912-1600/jars/plexus-interpolation-1.24.jar
7fd13c00f000-7fd13c01c000 r--s 0008e000 00:19 1287663                    /usr/local/eclipse/plugins/org.eclipse.m2e.maven.runtime_1.9.1.20180912-1600/jars/maven-core-3.5.3.jar
7fd13c01c000-7fd13c01e000 r--s 00009000 00:19 1287670                    /usr/local/eclipse/plugins/org.eclipse.m2e.maven.runtime_1.9.1.20180912-1600/jars/maven-resolver-connector-basic-1.1.1.jar
7fd13c01e000-7fd13c020000 r--s 0000c000 00:19 1287653                    /usr/local/eclipse/plugins/org.eclipse.m2e.maven.runtime_1.9.1.20180912-1600/jars/commons-cli-1.4.jar
7fd13c020000-7fd13c024000 r--s 0002f000 00:19 1287654                    /usr/local/eclipse/plugins/org.eclipse.m2e.maven.runtime_1.9.1.20180912-1600/jars/commons-io-2.5.jar
7fd13c024000-7fd13c027000 r--s 00026000 00:19 1287665                    /usr/local/eclipse/plugins/org.eclipse.m2e.maven.runtime_1.9.1.20180912-1600/jars/maven-model-3.5.3.jar
7fd13c027000-7fd13c02b000 r--s 00023000 00:19 1287675                    /usr/local/eclipse/plugins/org.eclipse.m2e.maven.runtime_1.9.1.20180912-1600/jars/maven-resolver-util-1.1.1.jar
7fd13c02b000-7fd13c02d000 r--s 0000b000 00:19 1287685                    /usr/local/eclipse/plugins/org.eclipse.m2e.maven.runtime_1.9.1.20180912-1600/jars/plexus-classworlds-2.5.2.jar
7fd13c02d000-7fd13c033000 r--s 0003b000 00:19 1286120                    /usr/lib/jvm/java-8-openjdk-amd64/jre/lib/ext/sunjce_provider.jar
7fd13c033000-7fd13c04e000 r--s 001d6000 00:19 1286114                    /usr/lib/jvm/java-8-openjdk-amd64/jre/lib/ext/nashorn.jar
7fd13c04e000-7fd13c058000 r--s 00116000 00:19 1286112                    /usr/lib/jvm/java-8-openjdk-amd64/jre/lib/ext/localedata.jar
7fd13c058000-7fd13c073000 r--s 00394000 00:19 1286111                    /usr/lib/jvm/java-8-openjdk-amd64/jre/lib/ext/cldrdata.jar
7fd13c073000-7fd13ddfc000 rw-p 00000000 00:00 0 
7fd13ddfc000-7fd13ddfd000 ---p 00000000 00:00 0 
7fd13ddfd000-7fd13defd000 rw-p 00000000 00:00 0 
7fd13defd000-7fd13defe000 ---p 00000000 00:00 0 
7fd13defe000-7fd13e013000 rw-p 00000000 00:00 0 
7fd13e013000-7fd13e130000 ---p 00000000 00:00 0 
7fd13e130000-7fd13e145000 rw-p 00000000 00:00 0 
7fd13e145000-7fd13e262000 ---p 00000000 00:00 0 
7fd13e262000-7fd13e2a7000 rw-p 00000000 00:00 0 
7fd13e2a7000-7fd13e2fb000 ---p 00000000 00:00 0 
7fd13e2fb000-7fd13e32d000 rw-p 00000000 00:00 0 
7fd13e32d000-7fd13e6bc000 ---p 00000000 00:00 0 
7fd13e6bc000-7fd13e6c4000 r-xp 00000000 00:19 1286072                    /usr/lib/jvm/java-8-openjdk-amd64/jre/lib/amd64/libzip.so
7fd13e6c4000-7fd13e8c3000 ---p 00008000 00:19 1286072                    /usr/lib/jvm/java-8-openjdk-amd64/jre/lib/amd64/libzip.so
7fd13e8c3000-7fd13e8c4000 r--p 00007000 00:19 1286072                    /usr/lib/jvm/java-8-openjdk-amd64/jre/lib/amd64/libzip.so
7fd13e8c4000-7fd13e8c5000 rw-p 00008000 00:19 1286072                    /usr/lib/jvm/java-8-openjdk-amd64/jre/lib/amd64/libzip.so
7fd13e8c5000-7fd13e8d0000 r-xp 00000000 00:19 462525                     /lib/x86_64-linux-gnu/libnss_files-2.23.so
7fd13e8d0000-7fd13eacf000 ---p 0000b000 00:19 462525                     /lib/x86_64-linux-gnu/libnss_files-2.23.so
7fd13eacf000-7fd13ead0000 r--p 0000a000 00:19 462525                     /lib/x86_64-linux-gnu/libnss_files-2.23.so
7fd13ead0000-7fd13ead1000 rw-p 0000b000 00:19 462525                     /lib/x86_64-linux-gnu/libnss_files-2.23.so
7fd13ead1000-7fd13ead7000 rw-p 00000000 00:00 0 
7fd13ead7000-7fd13eae2000 r-xp 00000000 00:19 462529                     /lib/x86_64-linux-gnu/libnss_nis-2.23.so
7fd13eae2000-7fd13ece1000 ---p 0000b000 00:19 462529                     /lib/x86_64-linux-gnu/libnss_nis-2.23.so
7fd13ece1000-7fd13ece2000 r--p 0000a000 00:19 462529                     /lib/x86_64-linux-gnu/libnss_nis-2.23.so
7fd13ece2000-7fd13ece3000 rw-p 0000b000 00:19 462529                     /lib/x86_64-linux-gnu/libnss_nis-2.23.so
7fd13ece3000-7fd13ecf9000 r-xp 00000000 00:19 462509                     /lib/x86_64-linux-gnu/libnsl-2.23.so
7fd13ecf9000-7fd13eef8000 ---p 00016000 00:19 462509                     /lib/x86_64-linux-gnu/libnsl-2.23.so
7fd13eef8000-7fd13eef9000 r--p 00015000 00:19 462509                     /lib/x86_64-linux-gnu/libnsl-2.23.so
7fd13eef9000-7fd13eefa000 rw-p 00016000 00:19 462509                     /lib/x86_64-linux-gnu/libnsl-2.23.so
7fd13eefa000-7fd13eefc000 rw-p 00000000 00:00 0 
7fd13eefc000-7fd13ef04000 r-xp 00000000 00:19 462520                     /lib/x86_64-linux-gnu/libnss_compat-2.23.so
7fd13ef04000-7fd13f103000 ---p 00008000 00:19 462520                     /lib/x86_64-linux-gnu/libnss_compat-2.23.so
7fd13f103000-7fd13f104000 r--p 00007000 00:19 462520                     /lib/x86_64-linux-gnu/libnss_compat-2.23.so
7fd13f104000-7fd13f105000 rw-p 00008000 00:19 462520                     /lib/x86_64-linux-gnu/libnss_compat-2.23.so
7fd13f105000-7fd13f132000 r-xp 00000000 00:19 1286092                    /usr/lib/jvm/java-8-openjdk-amd64/jre/lib/amd64/libjava.so
7fd13f132000-7fd13f331000 ---p 0002d000 00:19 1286092                    /usr/lib/jvm/java-8-openjdk-amd64/jre/lib/amd64/libjava.so
7fd13f331000-7fd13f332000 r--p 0002c000 00:19 1286092                    /usr/lib/jvm/java-8-openjdk-amd64/jre/lib/amd64/libjava.so
7fd13f332000-7fd13f334000 rw-p 0002d000 00:19 1286092                    /usr/lib/jvm/java-8-openjdk-amd64/jre/lib/amd64/libjava.so
7fd13f334000-7fd13f343000 r-xp 00000000 00:19 1286064                    /usr/lib/jvm/java-8-openjdk-amd64/jre/lib/amd64/libverify.so
7fd13f343000-7fd13f542000 ---p 0000f000 00:19 1286064                    /usr/lib/jvm/java-8-openjdk-amd64/jre/lib/amd64/libverify.so
7fd13f542000-7fd13f544000 r--p 0000e000 00:19 1286064                    /usr/lib/jvm/java-8-openjdk-amd64/jre/lib/amd64/libverify.so
7fd13f544000-7fd13f545000 rw-p 00010000 00:19 1286064                    /usr/lib/jvm/java-8-openjdk-amd64/jre/lib/amd64/libverify.so
7fd13f545000-7fd13f54c000 r-xp 00000000 00:19 462530                     /lib/x86_64-linux-gnu/librt-2.23.so
7fd13f54c000-7fd13f74b000 ---p 00007000 00:19 462530                     /lib/x86_64-linux-gnu/librt-2.23.so
7fd13f74b000-7fd13f74c000 r--p 00006000 00:19 462530                     /lib/x86_64-linux-gnu/librt-2.23.so
7fd13f74c000-7fd13f74d000 rw-p 00007000 00:19 462530                     /lib/x86_64-linux-gnu/librt-2.23.so
7fd13f74d000-7fd13f763000 r-xp 00000000 00:19 12358                      /lib/x86_64-linux-gnu/libgcc_s.so.1
7fd13f763000-7fd13f962000 ---p 00016000 00:19 12358                      /lib/x86_64-linux-gnu/libgcc_s.so.1
7fd13f962000-7fd13f963000 rw-p 00015000 00:19 12358                      /lib/x86_64-linux-gnu/libgcc_s.so.1
7fd13f963000-7fd13fa6b000 r-xp 00000000 00:19 462508                     /lib/x86_64-linux-gnu/libm-2.23.so
7fd13fa6b000-7fd13fc6a000 ---p 00108000 00:19 462508                     /lib/x86_64-linux-gnu/libm-2.23.so
7fd13fc6a000-7fd13fc6b000 r--p 00107000 00:19 462508                     /lib/x86_64-linux-gnu/libm-2.23.so
7fd13fc6b000-7fd13fc6c000 rw-p 00108000 00:19 462508                     /lib/x86_64-linux-gnu/libm-2.23.so
7fd13fc6c000-7fd13fdde000 r-xp 00000000 00:19 953978                     /usr/lib/x86_64-linux-gnu/libstdc++.so.6.0.21
7fd13fdde000-7fd13ffde000 ---p 00172000 00:19 953978                     /usr/lib/x86_64-linux-gnu/libstdc++.so.6.0.21
7fd13ffde000-7fd13ffe8000 r--p 00172000 00:19 953978                     /usr/lib/x86_64-linux-gnu/libstdc++.so.6.0.21
7fd13ffe8000-7fd13ffea000 rw-p 0017c000 00:19 953978                     /usr/lib/x86_64-linux-gnu/libstdc++.so.6.0.21
7fd13ffea000-7fd13ffee000 rw-p 00000000 00:00 0 
7fd13ffee000-7fd140c4b000 r-xp 00000000 00:19 1286070                    /usr/lib/jvm/java-8-openjdk-amd64/jre/lib/amd64/server/libjvm.so
7fd140c4b000-7fd140e4b000 ---p 00c5d000 00:19 1286070                    /usr/lib/jvm/java-8-openjdk-amd64/jre/lib/amd64/server/libjvm.so
7fd140e4b000-7fd140edf000 r--p 00c5d000 00:19 1286070                    /usr/lib/jvm/java-8-openjdk-amd64/jre/lib/amd64/server/libjvm.so
7fd140edf000-7fd140f08000 rw-p 00cf1000 00:19 1286070                    /usr/lib/jvm/java-8-openjdk-amd64/jre/lib/amd64/server/libjvm.so
7fd140f08000-7fd140f38000 rw-p 00000000 00:00 0 
7fd140f38000-7fd140f50000 r-xp 00000000 00:19 462511                     /lib/x86_64-linux-gnu/libpthread-2.23.so
7fd140f50000-7fd14114f000 ---p 00018000 00:19 462511                     /lib/x86_64-linux-gnu/libpthread-2.23.so
7fd14114f000-7fd141150000 r--p 00017000 00:19 462511                     /lib/x86_64-linux-gnu/libpthread-2.23.so
7fd141150000-7fd141151000 rw-p 00018000 00:19 462511                     /lib/x86_64-linux-gnu/libpthread-2.23.so
7fd141151000-7fd141155000 rw-p 00000000 00:00 0 
7fd141155000-7fd141158000 r-xp 00000000 00:19 462514                     /lib/x86_64-linux-gnu/libdl-2.23.so
7fd141158000-7fd141357000 ---p 00003000 00:19 462514                     /lib/x86_64-linux-gnu/libdl-2.23.so
7fd141357000-7fd141358000 r--p 00002000 00:19 462514                     /lib/x86_64-linux-gnu/libdl-2.23.so
7fd141358000-7fd141359000 rw-p 00003000 00:19 462514                     /lib/x86_64-linux-gnu/libdl-2.23.so
7fd141359000-7fd141372000 r-xp 00000000 00:19 12512                      /lib/x86_64-linux-gnu/libz.so.1.2.8
7fd141372000-7fd141571000 ---p 00019000 00:19 12512                      /lib/x86_64-linux-gnu/libz.so.1.2.8
7fd141571000-7fd141572000 r--p 00018000 00:19 12512                      /lib/x86_64-linux-gnu/libz.so.1.2.8
7fd141572000-7fd141573000 rw-p 00019000 00:19 12512                      /lib/x86_64-linux-gnu/libz.so.1.2.8
7fd141573000-7fd141733000 r-xp 00000000 00:19 462512                     /lib/x86_64-linux-gnu/libc-2.23.so
7fd141733000-7fd141933000 ---p 001c0000 00:19 462512                     /lib/x86_64-linux-gnu/libc-2.23.so
7fd141933000-7fd141937000 r--p 001c0000 00:19 462512                     /lib/x86_64-linux-gnu/libc-2.23.so
7fd141937000-7fd141939000 rw-p 001c4000 00:19 462512                     /lib/x86_64-linux-gnu/libc-2.23.so
7fd141939000-7fd14193d000 rw-p 00000000 00:00 0 
7fd14193d000-7fd14194a000 r-xp 00000000 00:19 1286068                    /usr/lib/jvm/java-8-openjdk-amd64/jre/lib/amd64/jli/libjli.so
7fd14194a000-7fd141b4a000 ---p 0000d000 00:19 1286068                    /usr/lib/jvm/java-8-openjdk-amd64/jre/lib/amd64/jli/libjli.so
7fd141b4a000-7fd141b4b000 r--p 0000d000 00:19 1286068                    /usr/lib/jvm/java-8-openjdk-amd64/jre/lib/amd64/jli/libjli.so
7fd141b4b000-7fd141b4c000 rw-p 0000e000 00:19 1286068                    /usr/lib/jvm/java-8-openjdk-amd64/jre/lib/amd64/jli/libjli.so
7fd141b4c000-7fd141b72000 r-xp 00000000 00:19 462510                     /lib/x86_64-linux-gnu/ld-2.23.so
7fd141b72000-7fd141b73000 r--s 00010000 00:19 1286119                    /usr/lib/jvm/java-8-openjdk-amd64/jre/lib/ext/zipfs.jar
7fd141b73000-7fd141b74000 r--s 0000a000 00:19 1286118                    /usr/lib/jvm/java-8-openjdk-amd64/jre/lib/ext/jaccess.jar
7fd141b74000-7fd141b76000 r--s 00001000 00:19 1286117                    /usr/lib/jvm/java-8-openjdk-amd64/jre/lib/ext/dnsns.jar
7fd141b76000-7fd141b79000 r--s 00038000 00:19 1286116                    /usr/lib/jvm/java-8-openjdk-amd64/jre/lib/ext/sunpkcs11.jar
7fd141b79000-7fd141c4a000 rw-p 00000000 00:00 0 
7fd141c4a000-7fd141c4d000 ---p 00000000 00:00 0 
7fd141c4d000-7fd141d4f000 rw-p 00000000 00:00 0 
7fd141d4f000-7fd141d51000 r--s 00008000 00:19 1286115                    /usr/lib/jvm/java-8-openjdk-amd64/jre/lib/ext/sunec.jar
7fd141d51000-7fd141d54000 r--s 0000f000 00:19 1286113                    /usr/lib/jvm/java-8-openjdk-amd64/jre/lib/ext/icedtea-sound.jar
7fd141d54000-7fd141d66000 rw-p 00000000 00:00 0 
7fd141d66000-7fd141d6e000 rw-s 00000000 00:19 1295128                    /tmp/hsperfdata_user/2539
7fd141d6e000-7fd141d6f000 rw-p 00000000 00:00 0 
7fd141d6f000-7fd141d70000 ---p 00000000 00:00 0 
7fd141d70000-7fd141d71000 rw-p 00000000 00:00 0 
7fd141d71000-7fd141d72000 r--p 00025000 00:19 462510                     /lib/x86_64-linux-gnu/ld-2.23.so
7fd141d72000-7fd141d73000 rw-p 00026000 00:19 462510                     /lib/x86_64-linux-gnu/ld-2.23.so
7fd141d73000-7fd141d74000 rw-p 00000000 00:00 0 
7ffe79095000-7ffe790b6000 rw-p 00000000 00:00 0                          [stack]
7ffe7918c000-7ffe7918f000 r--p 00000000 00:00 0                          [vvar]
7ffe7918f000-7ffe79191000 r-xp 00000000 00:00 0                          [vdso]
ffffffffff600000-ffffffffff601000 r-xp 00000000 00:00 0                  [vsyscall]

VM Arguments:
jvm_args: -Dmaven.home=EMBEDDED -Dclassworlds.conf=/home/user/eclipse-workspace/.metadata/.plugins/org.eclipse.m2e.launching/launches/m2conf5921768860641202303.tmp -Dmaven.multiModuleProjectDirectory=/home/user/eclipse-workspace/SpringMVCTutorial -Dfile.encoding=UTF-8 
java_command: org.codehaus.plexus.classworlds.launcher.Launcher -B tomcat7:run
java_class_path (initial): /usr/local/eclipse/plugins/org.eclipse.m2e.maven.runtime_1.9.1.20180912-1600/jars/plexus-classworlds-2.5.2.jar
Launcher Type: SUN_STANDARD

Environment Variables:
PATH=/home/user/anaconda3/bin:/home/user/bin:/home/user/.local/bin:/usr/local/sbin:/usr/local/bin:/usr/sbin:/usr/bin:/sbin:/bin:/usr/games:/usr/local/games:/snap/bin
SHELL=/bin/bash
DISPLAY=:0.0

Signal Handlers:
SIGSEGV: [libjvm.so+0xa71a70], sa_mask[0]=11111111011111111101111111111110, sa_flags=SA_RESTART|SA_SIGINFO
SIGBUS: [libjvm.so+0xa71a70], sa_mask[0]=11111111011111111101111111111110, sa_flags=SA_RESTART|SA_SIGINFO
SIGFPE: [libjvm.so+0x8b8f80], sa_mask[0]=11111111011111111101111111111110, sa_flags=SA_RESTART|SA_SIGINFO
SIGPIPE: [libjvm.so+0x8b8f80], sa_mask[0]=11111111011111111101111111111110, sa_flags=SA_RESTART|SA_SIGINFO
SIGXFSZ: [libjvm.so+0x8b8f80], sa_mask[0]=11111111011111111101111111111110, sa_flags=SA_RESTART|SA_SIGINFO
SIGILL: [libjvm.so+0x8b8f80], sa_mask[0]=11111111011111111101111111111110, sa_flags=SA_RESTART|SA_SIGINFO
SIGUSR1: SIG_DFL, sa_mask[0]=00000000000000000000000000000000, sa_flags=none
SIGUSR2: [libjvm.so+0x8b8e30], sa_mask[0]=00100000000000000000000000000000, sa_flags=SA_RESTART|SA_SIGINFO
SIGHUP: [libjvm.so+0x8b9300], sa_mask[0]=11111111011111111101111111111110, sa_flags=SA_RESTART|SA_SIGINFO
SIGINT: [libjvm.so+0x8b9300], sa_mask[0]=11111111011111111101111111111110, sa_flags=SA_RESTART|SA_SIGINFO
SIGTERM: [libjvm.so+0x8b9300], sa_mask[0]=11111111011111111101111111111110, sa_flags=SA_RESTART|SA_SIGINFO
SIGQUIT: [libjvm.so+0x8b9300], sa_mask[0]=11111111011111111101111111111110, sa_flags=SA_RESTART|SA_SIGINFO


---------------  S Y S T E M  ---------------

OS:DISTRIB_ID=Ubuntu
DISTRIB_RELEASE=16.04
DISTRIB_CODENAME=xenial
DISTRIB_DESCRIPTION="Ubuntu 16.04.5 LTS"

uname:Linux 4.15.0-38-generic #41~16.04.1-Ubuntu SMP Wed Oct 10 20:16:04 UTC 2018 x86_64
libc:glibc 2.23 NPTL 2.23 
rlimit: STACK 8192k, CORE 0k, NPROC 14428, NOFILE 1048576, AS infinity
load average:16.23 4.91 1.85

/proc/meminfo:
MemTotal:        3753520 kB
MemFree:          404156 kB
MemAvailable:     391504 kB
Buffers:               8 kB
Cached:           189544 kB
SwapCached:            0 kB
Active:          2974160 kB
Inactive:         184428 kB
Active(anon):    2970312 kB
Inactive(anon):    15124 kB
Active(file):       3848 kB
Inactive(file):   169304 kB
Unevictable:          64 kB
Mlocked:              64 kB
SwapTotal:             0 kB
SwapFree:              0 kB
Dirty:               724 kB
Writeback:             0 kB
AnonPages:       2969176 kB
Mapped:            54864 kB
Shmem:             16276 kB
Slab:              88196 kB
SReclaimable:      36272 kB
SUnreclaim:        51924 kB
KernelStack:       12064 kB
PageTables:        31756 kB
NFS_Unstable:          0 kB
Bounce:                0 kB
WritebackTmp:          0 kB
CommitLimit:     1876760 kB
Committed_AS:    6143548 kB
VmallocTotal:   34359738367 kB
VmallocUsed:           0 kB
VmallocChunk:          0 kB
HardwareCorrupted:     0 kB
AnonHugePages:         0 kB
ShmemHugePages:        0 kB
ShmemPmdMapped:        0 kB
CmaTotal:              0 kB
CmaFree:               0 kB
HugePages_Total:       0
HugePages_Free:        0
HugePages_Rsvd:        0
HugePages_Surp:        0
Hugepagesize:       2048 kB
DirectMap4k:      114496 kB
DirectMap2M:     4079616 kB
DirectMap1G:     2097152 kB


CPU:total 2 (initial active 2) (1 cores per cpu, 1 threads per core) family 6 model 142 stepping 9, cmov, cx8, fxsr, mmx, sse, sse2, sse3, ssse3, sse4.1, sse4.2, popcnt, avx, avx2, aes, clmul, erms, 3dnowpref, lzcnt, tsc, tscinvbit, bmi1, bmi2, adx

/proc/cpuinfo:
processor	: 0
vendor_id	: GenuineIntel
cpu family	: 6
model		: 142
model name	: Intel(R) Core(TM) i7-7500U CPU @ 2.70GHz
stepping	: 9
microcode	: 0x70
cpu MHz		: 2904.001
cache size	: 4096 KB
physical id	: 0
siblings	: 1
core id		: 0
cpu cores	: 1
apicid		: 0
initial apicid	: 0
fpu		: yes
fpu_exception	: yes
cpuid level	: 22
wp		: yes
flags		: fpu vme de pse tsc msr pae mce cx8 apic sep mtrr pge mca cmov pat pse36 clflush mmx fxsr sse sse2 ss syscall nx pdpe1gb rdtscp lm constant_tsc arch_perfmon nopl xtopology tsc_reliable nonstop_tsc cpuid pni pclmulqdq vmx ssse3 fma cx16 pcid sse4_1 sse4_2 x2apic movbe popcnt tsc_deadline_timer aes xsave avx f16c rdrand hypervisor lahf_lm abm 3dnowprefetch cpuid_fault invpcid_single pti tpr_shadow vnmi ept vpid fsgsbase tsc_adjust bmi1 avx2 smep bmi2 invpcid rdseed adx smap xsaveopt arat
bugs		: cpu_meltdown spectre_v1 spectre_v2 spec_store_bypass l1tf
bogomips	: 5808.00
clflush size	: 64
cache_alignment	: 64
address sizes	: 42 bits physical, 48 bits virtual
power management:

processor	: 1
vendor_id	: GenuineIntel
cpu family	: 6
model		: 142
model name	: Intel(R) Core(TM) i7-7500U CPU @ 2.70GHz
stepping	: 9
microcode	: 0x70
cpu MHz		: 2904.001
cache size	: 4096 KB
physical id	: 2
siblings	: 1
core id		: 0
cpu cores	: 1
apicid		: 2
initial apicid	: 2
fpu		: yes
fpu_exception	: yes
cpuid level	: 22
wp		: yes
flags		: fpu vme de pse tsc msr pae mce cx8 apic sep mtrr pge mca cmov pat pse36 clflush mmx fxsr sse sse2 ss syscall nx pdpe1gb rdtscp lm constant_tsc arch_perfmon nopl xtopology tsc_reliable nonstop_tsc cpuid pni pclmulqdq vmx ssse3 fma cx16 pcid sse4_1 sse4_2 x2apic movbe popcnt tsc_deadline_timer aes xsave avx f16c rdrand hypervisor lahf_lm abm 3dnowprefetch cpuid_fault invpcid_single pti tpr_shadow vnmi ept vpid fsgsbase tsc_adjust bmi1 avx2 smep bmi2 invpcid rdseed adx smap xsaveopt arat
bugs		: cpu_meltdown spectre_v1 spectre_v2 spec_store_bypass l1tf
bogomips	: 5808.00
clflush size	: 64
cache_alignment	: 64
address sizes	: 42 bits physical, 48 bits virtual
power management:



Memory: 4k page, physical 3753520k(404156k free), swap 0k(0k free)

vm_info: OpenJDK 64-Bit Server VM (25.181-b13) for linux-amd64 JRE (1.8.0_181-8u181-b13-1ubuntu0.16.04.1-b13), built on Oct 23 2018 04:39:49 by "buildd" with gcc 5.4.0 20160609

time: Wed Oct 31 18:55:36 2018
elapsed time: 63 seconds (0d 0h 1m 3s)

