#
# There is insufficient memory for the Java Runtime Environment to continue.
# Native memory allocation (mmap) failed to map 88080384 bytes for committing reserved memory.
# Possible reasons:
#   The system is out of physical RAM or swap space
#   In 32 bit mode, the process size limit was hit
# Possible solutions:
#   Reduce memory load on the system
#   Increase physical memory or swap space
#   Check if swap backing store is full
#   Use 64 bit Java on a 64 bit OS
#   Decrease Java heap size (-Xmx/-Xms)
#   Decrease number of Java threads
#   Decrease Java thread stack sizes (-Xss)
#   Set larger code cache with -XX:ReservedCodeCacheSize=
# This output file may be truncated or incomplete.
#
#  Out of Memory Error (os_linux.cpp:2643), pid=2511, tid=0x00007fb90455b700
#
# JRE version: OpenJDK Runtime Environment (8.0_181-b13) (build 1.8.0_181-8u181-b13-1ubuntu0.16.04.1-b13)
# Java VM: OpenJDK 64-Bit Server VM (25.181-b13 mixed mode linux-amd64 compressed oops)
# Failed to write core dump. Core dumps have been disabled. To enable core dumping, try "ulimit -c unlimited" before starting Java again
#

---------------  T H R E A D  ---------------

Current thread (0x00007fb918074800):  VMThread [stack: 0x00007fb90445b000,0x00007fb90455c000] [id=2521]

Stack: [0x00007fb90445b000,0x00007fb90455c000],  sp=0x00007fb90455a4c0,  free space=1021k
Native frames: (J=compiled Java code, j=interpreted, Vv=VM code, C=native code)
V  [libjvm.so+0xa70f1b]
V  [libjvm.so+0x4c893c]
V  [libjvm.so+0x8bda48]
V  [libjvm.so+0x8b7dde]
V  [libjvm.so+0x933246]
V  [libjvm.so+0x934573]
V  [libjvm.so+0x930c3b]
V  [libjvm.so+0x930eec]
V  [libjvm.so+0x8e2803]
V  [libjvm.so+0xa72bc2]
V  [libjvm.so+0xa77d67]
V  [libjvm.so+0xa75467]
V  [libjvm.so+0xa768ef]
V  [libjvm.so+0xa76de1]
V  [libjvm.so+0x8bae52]

VM_Operation (0x00007fb8db0f2630): ParallelGCFailedAllocation, mode: safepoint, requested by thread 0x00007fb8d0001800


---------------  P R O C E S S  ---------------

Java Threads: ( => current thread )
  0x00007fb8d0001800 JavaThread "localhost-startStop-1" daemon [_thread_blocked, id=2531, stack(0x00007fb8daff4000,0x00007fb8db0f5000)]
  0x00007fb918c7e800 JavaThread "Tomcat-startStop-1" daemon [_thread_blocked, id=2530, stack(0x00007fb8db0f5000,0x00007fb8db1f6000)]
  0x00007fb9180ba000 JavaThread "Service Thread" daemon [_thread_blocked, id=2527, stack(0x00007fb8f7b26000,0x00007fb8f7c27000)]
  0x00007fb9180b7800 JavaThread "C1 CompilerThread1" daemon [_thread_blocked, id=2526, stack(0x00007fb8f7c27000,0x00007fb8f7d28000)]
  0x00007fb9180b4800 JavaThread "C2 CompilerThread0" daemon [_thread_blocked, id=2525, stack(0x00007fb904057000,0x00007fb904158000)]
  0x00007fb9180b3000 JavaThread "Signal Dispatcher" daemon [_thread_blocked, id=2524, stack(0x00007fb904158000,0x00007fb904259000)]
  0x00007fb918080800 JavaThread "Finalizer" daemon [_thread_blocked, id=2523, stack(0x00007fb904259000,0x00007fb90435a000)]
  0x00007fb91807e000 JavaThread "Reference Handler" daemon [_thread_blocked, id=2522, stack(0x00007fb90435a000,0x00007fb90445b000)]
  0x00007fb91800b000 JavaThread "main" [_thread_blocked, id=2518, stack(0x00007fb91e5d8000,0x00007fb91e6d9000)]

Other Threads:
=>0x00007fb918074800 VMThread [stack: 0x00007fb90445b000,0x00007fb90455c000] [id=2521]
  0x00007fb9180bc800 WatcherThread [stack: 0x00007fb8f7a25000,0x00007fb8f7b26000] [id=2528]

VM state:at safepoint (normal execution)

VM Mutex/Monitor currently owned by a thread:  ([mutex/lock_event])
[0x00007fb918007240] Threads_lock - owner thread: 0x00007fb918074800
[0x00007fb918007740] Heap_lock - owner thread: 0x00007fb8d0001800

Heap:
 PSYoungGen      total 132096K, used 9719K [0x00000000ece00000, 0x00000000f5900000, 0x0000000100000000)
  eden space 122368K, 0% used [0x00000000ece00000,0x00000000ece00000,0x00000000f4580000)
  from space 9728K, 99% used [0x00000000f4580000,0x00000000f4efdff8,0x00000000f4f00000)
  to   space 9216K, 0% used [0x00000000f4f00000,0x00000000f4f00000,0x00000000f5800000)
 ParOldGen       total 43008K, used 22489K [0x00000000c6a00000, 0x00000000c9400000, 0x00000000ece00000)
  object space 43008K, 52% used [0x00000000c6a00000,0x00000000c7ff6638,0x00000000c9400000)
 Metaspace       used 23343K, capacity 23822K, committed 23856K, reserved 1071104K
  class space    used 2687K, capacity 2861K, committed 2864K, reserved 1048576K

Card table byte_map: [0x00007fb9079e3000,0x00007fb907baf000] byte_map_base: 0x00007fb9073ae000

Marking Bits: (ParMarkBitMap*) 0x00007fb91d8a93a0
 Begin Bits: [0x00007fb9059ff000, 0x00007fb906857000)
 End Bits:   [0x00007fb906857000, 0x00007fb9076af000)

Polling page: 0x00007fb91e6fd000

CodeCache: size=245760Kb used=12013Kb max_used=12013Kb free=233746Kb
 bounds [0x00007fb907f6f000, 0x00007fb908b3f000, 0x00007fb916f6f000]
 total_blobs=4005 nmethods=3615 adapters=303
 compilation: enabled

Compilation events (10 events):
Event: 4.065 Thread 0x00007fb9180b7800 3634       3       org.apache.tomcat.util.bcel.classfile.ClassParser::readMethods (51 bytes)
Event: 4.066 Thread 0x00007fb9180b7800 nmethod 3634 0x00007fb908b2e850 code [0x00007fb908b2ea00, 0x00007fb908b2efd8]
Event: 4.070 Thread 0x00007fb9180b7800 3635       3       sun.misc.MetaIndex::mayContain (51 bytes)
Event: 4.070 Thread 0x00007fb9180b7800 nmethod 3635 0x00007fb908b2f250 code [0x00007fb908b2f400, 0x00007fb908b2fa78]
Event: 4.122 Thread 0x00007fb9180b7800 3637   !   2       org.apache.catalina.loader.WebappClassLoader::getResourceAsStream (380 bytes)
Event: 4.125 Thread 0x00007fb9180b7800 nmethod 3637 0x00007fb908b2fd10 code [0x00007fb908b30080, 0x00007fb908b31018]
Event: 4.137 Thread 0x00007fb9180b7800 3638       2       java.util.WeakHashMap::getEntry (72 bytes)
Event: 4.137 Thread 0x00007fb9180b7800 nmethod 3638 0x00007fb908b31b90 code [0x00007fb908b31d20, 0x00007fb908b32008]
Event: 4.199 Thread 0x00007fb9180b7800 3641   !   2       org.apache.catalina.loader.WebappClassLoader::openJARs (98 bytes)
Event: 4.200 Thread 0x00007fb9180b7800 nmethod 3641 0x00007fb908b32210 code [0x00007fb908b323c0, 0x00007fb908b32838]

GC Heap History (10 events):
Event: 0.801 GC heap after
Heap after GC invocations=3 (full 0):
 PSYoungGen      total 32768K, used 2048K [0x00000000ece00000, 0x00000000f0e00000, 0x0000000100000000)
  eden space 30720K, 0% used [0x00000000ece00000,0x00000000ece00000,0x00000000eec00000)
  from space 2048K, 100% used [0x00000000eec00000,0x00000000eee00000,0x00000000eee00000)
  to   space 2048K, 0% used [0x00000000f0c00000,0x00000000f0c00000,0x00000000f0e00000)
 ParOldGen       total 39936K, used 6169K [0x00000000c6a00000, 0x00000000c9100000, 0x00000000ece00000)
  object space 39936K, 15% used [0x00000000c6a00000,0x00000000c70067a8,0x00000000c9100000)
 Metaspace       used 11287K, capacity 11502K, committed 11776K, reserved 1058816K
  class space    used 1366K, capacity 1475K, committed 1536K, reserved 1048576K
}
Event: 1.431 GC heap before
{Heap before GC invocations=4 (full 0):
 PSYoungGen      total 32768K, used 32768K [0x00000000ece00000, 0x00000000f0e00000, 0x0000000100000000)
  eden space 30720K, 100% used [0x00000000ece00000,0x00000000eec00000,0x00000000eec00000)
  from space 2048K, 100% used [0x00000000eec00000,0x00000000eee00000,0x00000000eee00000)
  to   space 2048K, 0% used [0x00000000f0c00000,0x00000000f0c00000,0x00000000f0e00000)
 ParOldGen       total 39936K, used 6169K [0x00000000c6a00000, 0x00000000c9100000, 0x00000000ece00000)
  object space 39936K, 15% used [0x00000000c6a00000,0x00000000c70067a8,0x00000000c9100000)
 Metaspace       used 14899K, capacity 15130K, committed 15232K, reserved 1062912K
  class space    used 1794K, capacity 1903K, committed 1920K, reserved 1048576K
Event: 1.452 GC heap after
Heap after GC invocations=4 (full 0):
 PSYoungGen      total 63488K, used 2016K [0x00000000ece00000, 0x00000000f0e00000, 0x0000000100000000)
  eden space 61440K, 0% used [0x00000000ece00000,0x00000000ece00000,0x00000000f0a00000)
  from space 2048K, 98% used [0x00000000f0c00000,0x00000000f0df8020,0x00000000f0e00000)
  to   space 2048K, 0% used [0x00000000f0a00000,0x00000000f0a00000,0x00000000f0c00000)
 ParOldGen       total 39936K, used 11203K [0x00000000c6a00000, 0x00000000c9100000, 0x00000000ece00000)
  object space 39936K, 28% used [0x00000000c6a00000,0x00000000c74f0fd0,0x00000000c9100000)
 Metaspace       used 14899K, capacity 15130K, committed 15232K, reserved 1062912K
  class space    used 1794K, capacity 1903K, committed 1920K, reserved 1048576K
}
Event: 2.361 GC heap before
{Heap before GC invocations=5 (full 0):
 PSYoungGen      total 63488K, used 63456K [0x00000000ece00000, 0x00000000f0e00000, 0x0000000100000000)
  eden space 61440K, 100% used [0x00000000ece00000,0x00000000f0a00000,0x00000000f0a00000)
  from space 2048K, 98% used [0x00000000f0c00000,0x00000000f0df8020,0x00000000f0e00000)
  to   space 2048K, 0% used [0x00000000f0a00000,0x00000000f0a00000,0x00000000f0c00000)
 ParOldGen       total 39936K, used 11203K [0x00000000c6a00000, 0x00000000c9100000, 0x00000000ece00000)
  object space 39936K, 28% used [0x00000000c6a00000,0x00000000c74f0fd0,0x00000000c9100000)
 Metaspace       used 16701K, capacity 17082K, committed 17280K, reserved 1064960K
  class space    used 1948K, capacity 2083K, committed 2176K, reserved 1048576K
Event: 2.376 GC heap after
Heap after GC invocations=5 (full 0):
 PSYoungGen      total 63488K, used 2032K [0x00000000ece00000, 0x00000000f5800000, 0x0000000100000000)
  eden space 61440K, 0% used [0x00000000ece00000,0x00000000ece00000,0x00000000f0a00000)
  from space 2048K, 99% used [0x00000000f0a00000,0x00000000f0bfc010,0x00000000f0c00000)
  to   space 9216K, 0% used [0x00000000f4f00000,0x00000000f4f00000,0x00000000f5800000)
 ParOldGen       total 39936K, used 16631K [0x00000000c6a00000, 0x00000000c9100000, 0x00000000ece00000)
  object space 39936K, 41% used [0x00000000c6a00000,0x00000000c7a3ddf0,0x00000000c9100000)
 Metaspace       used 16701K, capacity 17082K, committed 17280K, reserved 1064960K
  class space    used 1948K, capacity 2083K, committed 2176K, reserved 1048576K
}
Event: 3.174 GC heap before
{Heap before GC invocations=6 (full 0):
 PSYoungGen      total 63488K, used 47407K [0x00000000ece00000, 0x00000000f5800000, 0x0000000100000000)
  eden space 61440K, 73% used [0x00000000ece00000,0x00000000efa4ffb0,0x00000000f0a00000)
  from space 2048K, 99% used [0x00000000f0a00000,0x00000000f0bfc010,0x00000000f0c00000)
  to   space 9216K, 0% used [0x00000000f4f00000,0x00000000f4f00000,0x00000000f5800000)
 ParOldGen       total 39936K, used 16631K [0x00000000c6a00000, 0x00000000c9100000, 0x00000000ece00000)
  object space 39936K, 41% used [0x00000000c6a00000,0x00000000c7a3ddf0,0x00000000c9100000)
 Metaspace       used 20831K, capacity 21252K, committed 21296K, reserved 1069056K
  class space    used 2419K, capacity 2580K, committed 2608K, reserved 1048576K
Event: 3.193 GC heap after
Heap after GC invocations=6 (full 0):
 PSYoungGen      total 131584K, used 7115K [0x00000000ece00000, 0x00000000f5900000, 0x0000000100000000)
  eden space 122368K, 0% used [0x00000000ece00000,0x00000000ece00000,0x00000000f4580000)
  from space 9216K, 77% used [0x00000000f4f00000,0x00000000f55f2fc8,0x00000000f5800000)
  to   space 9728K, 0% used [0x00000000f4580000,0x00000000f4580000,0x00000000f4f00000)
 ParOldGen       total 39936K, used 16639K [0x00000000c6a00000, 0x00000000c9100000, 0x00000000ece00000)
  object space 39936K, 41% used [0x00000000c6a00000,0x00000000c7a3fdf0,0x00000000c9100000)
 Metaspace       used 20831K, capacity 21252K, committed 21296K, reserved 1069056K
  class space    used 2419K, capacity 2580K, committed 2608K, reserved 1048576K
}
Event: 3.193 GC heap before
{Heap before GC invocations=7 (full 1):
 PSYoungGen      total 131584K, used 7115K [0x00000000ece00000, 0x00000000f5900000, 0x0000000100000000)
  eden space 122368K, 0% used [0x00000000ece00000,0x00000000ece00000,0x00000000f4580000)
  from space 9216K, 77% used [0x00000000f4f00000,0x00000000f55f2fc8,0x00000000f5800000)
  to   space 9728K, 0% used [0x00000000f4580000,0x00000000f4580000,0x00000000f4f00000)
 ParOldGen       total 39936K, used 16639K [0x00000000c6a00000, 0x00000000c9100000, 0x00000000ece00000)
  object space 39936K, 41% used [0x00000000c6a00000,0x00000000c7a3fdf0,0x00000000c9100000)
 Metaspace       used 20831K, capacity 21252K, committed 21296K, reserved 1069056K
  class space    used 2419K, capacity 2580K, committed 2608K, reserved 1048576K
Event: 3.262 GC heap after
Heap after GC invocations=7 (full 1):
 PSYoungGen      total 131584K, used 0K [0x00000000ece00000, 0x00000000f5900000, 0x0000000100000000)
  eden space 122368K, 0% used [0x00000000ece00000,0x00000000ece00000,0x00000000f4580000)
  from space 9216K, 0% used [0x00000000f4f00000,0x00000000f4f00000,0x00000000f5800000)
  to   space 9728K, 0% used [0x00000000f4580000,0x00000000f4580000,0x00000000f4f00000)
 ParOldGen       total 43008K, used 12368K [0x00000000c6a00000, 0x00000000c9400000, 0x00000000ece00000)
  object space 43008K, 28% used [0x00000000c6a00000,0x00000000c7614140,0x00000000c9400000)
 Metaspace       used 20831K, capacity 21252K, committed 21296K, reserved 1069056K
  class space    used 2419K, capacity 2580K, committed 2608K, reserved 1048576K
}
Event: 4.303 GC heap before
{Heap before GC invocations=8 (full 1):
 PSYoungGen      total 131584K, used 122368K [0x00000000ece00000, 0x00000000f5900000, 0x0000000100000000)
  eden space 122368K, 100% used [0x00000000ece00000,0x00000000f4580000,0x00000000f4580000)
  from space 9216K, 0% used [0x00000000f4f00000,0x00000000f4f00000,0x00000000f5800000)
  to   space 9728K, 0% used [0x00000000f4580000,0x00000000f4580000,0x00000000f4f00000)
 ParOldGen       total 43008K, used 12368K [0x00000000c6a00000, 0x00000000c9400000, 0x00000000ece00000)
  object space 43008K, 28% used [0x00000000c6a00000,0x00000000c7614140,0x00000000c9400000)
 Metaspace       used 23343K, capacity 23822K, committed 23856K, reserved 1071104K
  class space    used 2687K, capacity 2861K, committed 2864K, reserved 1048576K

Deoptimization events (10 events):
Event: 3.602 Thread 0x00007fb8d0001800 Uncommon trap: reason=class_check action=maybe_recompile pc=0x00007fb90862b34c method=java.util.Hashtable.addEntry(ILjava/lang/Object;Ljava/lang/Object;I)V @ 38
Event: 3.604 Thread 0x00007fb8d0001800 Uncommon trap: reason=speculate_class_check action=maybe_recompile pc=0x00007fb9088ad8ec method=java.nio.charset.CharsetDecoder.decode(Ljava/nio/ByteBuffer;Ljava/nio/CharBuffer;Z)Ljava/nio/charset/CoderResult; @ 57
Event: 3.604 Thread 0x00007fb8d0001800 Uncommon trap: reason=speculate_class_check action=maybe_recompile pc=0x00007fb9088ad8ec method=java.nio.charset.CharsetDecoder.decode(Ljava/nio/ByteBuffer;Ljava/nio/CharBuffer;Z)Ljava/nio/charset/CoderResult; @ 57
Event: 3.605 Thread 0x00007fb8d0001800 Uncommon trap: reason=speculate_class_check action=maybe_recompile pc=0x00007fb9088ad8ec method=java.nio.charset.CharsetDecoder.decode(Ljava/nio/ByteBuffer;Ljava/nio/CharBuffer;Z)Ljava/nio/charset/CoderResult; @ 57
Event: 3.613 Thread 0x00007fb8d0001800 Uncommon trap: reason=unstable_if action=reinterpret pc=0x00007fb908a450bc method=com.sun.org.apache.xerces.internal.impl.XMLEntityScanner.peekChar()I @ 14
Event: 3.643 Thread 0x00007fb8d0001800 Uncommon trap: reason=unstable_if action=reinterpret pc=0x00007fb9089a9644 method=com.sun.org.apache.xerces.internal.utils.XMLSecurityManager.isOverLimit(ILcom/sun/org/apache/xerces/internal/utils/XMLLimitAnalyzer;)Z @ 28
Event: 3.720 Thread 0x00007fb8d0001800 Uncommon trap: reason=unstable_if action=reinterpret pc=0x00007fb9082d30cc method=sun.misc.URLClassPath$JarLoader.getResource(Ljava/lang/String;Z)Lsun/misc/Resource; @ 15
Event: 3.726 Thread 0x00007fb8d0001800 Uncommon trap: reason=unstable_if action=reinterpret pc=0x00007fb90817c9fc method=sun.misc.URLClassPath$JarLoader.getResource(Ljava/lang/String;Z)Lsun/misc/Resource; @ 15
Event: 3.780 Thread 0x00007fb8d0001800 Uncommon trap: reason=unstable_if action=reinterpret pc=0x00007fb90891dce8 method=org.codehaus.plexus.classworlds.realm.Entry.matches(Ljava/lang/String;)Z @ 209
Event: 3.824 Thread 0x00007fb8d0001800 Uncommon trap: reason=unstable_if action=reinterpret pc=0x00007fb908afbe28 method=java.io.DataInputStream.readUTF(Ljava/io/DataInput;)Ljava/lang/String; @ 112

Classes redefined (0 events):
No events

Internal exceptions (10 events):
Event: 1.272 Thread 0x00007fb91800b000 Exception <a 'java/lang/NullPointerException'> (0x00000000ee370dd8) thrown at [/build/openjdk-8-lTwZJE/openjdk-8-8u181-b13/src/hotspot/src/share/vm/interpreter/linkResolver.cpp, line 1185]
Event: 1.272 Thread 0x00007fb91800b000 Exception <a 'java/lang/NullPointerException'> (0x00000000ee370ff0) thrown at [/build/openjdk-8-lTwZJE/openjdk-8-8u181-b13/src/hotspot/src/share/vm/interpreter/linkResolver.cpp, line 1185]
Event: 1.487 Thread 0x00007fb91800b000 Implicit null exception at 0x00007fb90827ecf5 to 0x00007fb90827eed1
Event: 1.535 Thread 0x00007fb91800b000 Implicit null exception at 0x00007fb9083545fb to 0x00007fb908354aa5
Event: 1.678 Thread 0x00007fb91800b000 Implicit null exception at 0x00007fb90853bf97 to 0x00007fb90853c721
Event: 2.831 Thread 0x00007fb91800b000 Exception <a 'java/io/FileNotFoundException'> (0x00000000eefb5f00) thrown at [/build/openjdk-8-lTwZJE/openjdk-8-8u181-b13/src/hotspot/src/share/vm/prims/jni.cpp, line 709]
Event: 3.440 Thread 0x00007fb91800b000 Exception <a 'java/net/BindException'> (0x00000000ed7ce8a8) thrown at [/build/openjdk-8-lTwZJE/openjdk-8-8u181-b13/src/hotspot/src/share/vm/prims/jni.cpp, line 709]
Event: 3.468 Thread 0x00007fb8d0001800 Implicit null exception at 0x00007fb9086ad68c to 0x00007fb9086ad771
Event: 3.567 Thread 0x00007fb8d0001800 Implicit null exception at 0x00007fb9081d00b3 to 0x00007fb9081d04b1
Event: 3.567 Thread 0x00007fb8d0001800 Implicit null exception at 0x00007fb908187f76 to 0x00007fb908188321

Events (10 events):
Event: 4.201 loading class org/apache/tomcat/websocket/pojo/PojoEndpointClient done
Event: 4.201 loading class org/apache/tomcat/websocket/pojo/PojoEndpointServer
Event: 4.201 loading class org/apache/tomcat/websocket/pojo/PojoEndpointServer done
Event: 4.201 loading class org/apache/tomcat/websocket/pojo/PojoEndpointServer
Event: 4.201 loading class org/apache/tomcat/websocket/pojo/PojoEndpointServer done
Event: 4.201 loading class org/apache/tomcat/websocket/pojo/PojoEndpointServer
Event: 4.201 loading class org/apache/tomcat/websocket/pojo/PojoEndpointServer done
Event: 4.282 loading class org/springframework/web/context/AbstractContextLoaderInitializer
Event: 4.282 loading class org/springframework/web/context/AbstractContextLoaderInitializer done
Event: 4.303 Executing VM operation: ParallelGCFailedAllocation


Dynamic libraries:
00400000-00401000 r-xp 00000000 00:19 1286022                            /usr/lib/jvm/java-8-openjdk-amd64/jre/bin/java
00600000-00601000 r--p 00000000 00:19 1286022                            /usr/lib/jvm/java-8-openjdk-amd64/jre/bin/java
00601000-00602000 rw-p 00001000 00:19 1286022                            /usr/lib/jvm/java-8-openjdk-amd64/jre/bin/java
0161b000-0163c000 rw-p 00000000 00:00 0                                  [heap]
c6a00000-c9400000 rw-p 00000000 00:00 0 
c9400000-ece00000 ---p 00000000 00:00 0 
ece00000-f5900000 rw-p 00000000 00:00 0 
fad00000-100000000 ---p 00000000 00:00 0 
100000000-1002cc000 rw-p 00000000 00:00 0 
1002cc000-140000000 ---p 00000000 00:00 0 
7fb8c8000000-7fb8c8cec000 rw-p 00000000 00:00 0 
7fb8c8cec000-7fb8cc000000 ---p 00000000 00:00 0 
7fb8d0000000-7fb8d0021000 rw-p 00000000 00:00 0 
7fb8d0021000-7fb8d4000000 ---p 00000000 00:00 0 
7fb8d4000000-7fb8d4021000 rw-p 00000000 00:00 0 
7fb8d4021000-7fb8d8000000 ---p 00000000 00:00 0 
7fb8dad72000-7fb8dad85000 r--s 00346000 00:19 1286054                    /usr/lib/jvm/java-8-openjdk-amd64/jre/lib/resources.jar
7fb8dad85000-7fb8dae05000 rw-p 00000000 00:00 0 
7fb8dae05000-7fb8daf85000 ---p 00000000 00:00 0 
7fb8daf85000-7fb8daf97000 r--s 000b4000 00:19 267060                     /home/user/.m2/repository/org/springframework/spring-web/4.3.0.RELEASE/spring-web-4.3.0.RELEASE.jar
7fb8daf97000-7fb8daf9c000 r--s 0003c000 00:19 267058                     /home/user/.m2/repository/org/springframework/spring-expression/4.3.0.RELEASE/spring-expression-4.3.0.RELEASE.jar
7fb8daf9c000-7fb8dafb3000 r--s 000f9000 00:19 267054                     /home/user/.m2/repository/org/springframework/spring-core/4.3.0.RELEASE/spring-core-4.3.0.RELEASE.jar
7fb8dafb3000-7fb8dafcc000 r--s 000fc000 00:19 267052                     /home/user/.m2/repository/org/springframework/spring-context/4.3.0.RELEASE/spring-context-4.3.0.RELEASE.jar
7fb8dafcc000-7fb8dafd9000 r--s 000ab000 00:19 267050                     /home/user/.m2/repository/org/springframework/spring-beans/4.3.0.RELEASE/spring-beans-4.3.0.RELEASE.jar
7fb8dafd9000-7fb8dafe2000 r--s 00054000 00:19 267048                     /home/user/.m2/repository/org/springframework/spring-aop/4.3.0.RELEASE/spring-aop-4.3.0.RELEASE.jar
7fb8dafe2000-7fb8daff4000 r--s 000cc000 00:19 267046                     /home/user/.m2/repository/org/springframework/spring-webmvc/4.3.0.RELEASE/spring-webmvc-4.3.0.RELEASE.jar
7fb8daff4000-7fb8daff7000 ---p 00000000 00:00 0 
7fb8daff7000-7fb8db0f5000 rw-p 00000000 00:00 0 
7fb8db0f5000-7fb8db0f8000 ---p 00000000 00:00 0 
7fb8db0f8000-7fb8db3f6000 rw-p 00000000 00:00 0 
7fb8db3f6000-7fb8db3ff000 r-xp 00000000 00:19 1286084                    /usr/lib/jvm/java-8-openjdk-amd64/jre/lib/amd64/libmanagement.so
7fb8db3ff000-7fb8db5fe000 ---p 00009000 00:19 1286084                    /usr/lib/jvm/java-8-openjdk-amd64/jre/lib/amd64/libmanagement.so
7fb8db5fe000-7fb8db5ff000 r--p 00008000 00:19 1286084                    /usr/lib/jvm/java-8-openjdk-amd64/jre/lib/amd64/libmanagement.so
7fb8db5ff000-7fb8db600000 rw-p 00009000 00:19 1286084                    /usr/lib/jvm/java-8-openjdk-amd64/jre/lib/amd64/libmanagement.so
7fb8db600000-7fb8db800000 rw-p 00000000 00:00 0 
7fb8db800000-7fb8dba00000 rw-p 00000000 00:00 0 
7fb8dba00000-7fb8dbc00000 rw-p 00000000 00:00 0 
7fb8dbc00000-7fb8dbe00000 rw-p 00000000 00:00 0 
7fb8dbe00000-7fb8dc000000 rw-p 00000000 00:00 0 
7fb8dc000000-7fb8dcc24000 rw-p 00000000 00:00 0 
7fb8dcc24000-7fb8e0000000 ---p 00000000 00:00 0 
7fb8e0000000-7fb8e0021000 rw-p 00000000 00:00 0 
7fb8e0021000-7fb8e4000000 ---p 00000000 00:00 0 
7fb8e4000000-7fb8e4021000 rw-p 00000000 00:00 0 
7fb8e4021000-7fb8e8000000 ---p 00000000 00:00 0 
7fb8e8000000-7fb8e9825000 rw-p 00000000 00:00 0 
7fb8e9825000-7fb8ec000000 ---p 00000000 00:00 0 
7fb8ec000000-7fb8ec021000 rw-p 00000000 00:00 0 
7fb8ec021000-7fb8f0000000 ---p 00000000 00:00 0 
7fb8f0000000-7fb8f0021000 rw-p 00000000 00:00 0 
7fb8f0021000-7fb8f4000000 ---p 00000000 00:00 0 
7fb8f4001000-7fb8f4003000 r--s 0000e000 00:19 267056                     /home/user/.m2/repository/commons-logging/commons-logging/1.2/commons-logging-1.2.jar
7fb8f4003000-7fb8f400d000 r--s 0005c000 00:19 266892                     /home/user/.m2/repository/javax/servlet/jstl/1.2/jstl-1.2.jar
7fb8f400d000-7fb8f400f000 r--s 00003000 00:19 267977                     /home/user/.m2/repository/org/slf4j/jcl-over-slf4j/1.7.5/jcl-over-slf4j-1.7.5.jar
7fb8f400f000-7fb8f4011000 r--s 00002000 00:19 267971                     /home/user/.m2/repository/org/sonatype/plexus/plexus-cipher/1.4/plexus-cipher-1.4.jar
7fb8f4011000-7fb8f4012000 r--s 00006000 00:19 267969                     /home/user/.m2/repository/org/sonatype/plexus/plexus-sec-dispatcher/1.3/plexus-sec-dispatcher-1.3.jar
7fb8f4012000-7fb8f4013000 r--s 00002000 00:19 267961                     /home/user/.m2/repository/org/apache/maven/doxia/doxia-logging-api/1.1/doxia-logging-api-1.1.jar
7fb8f4013000-7fb8f4015000 r--s 00002000 00:19 267959                     /home/user/.m2/repository/org/apache/maven/doxia/doxia-sink-api/1.1/doxia-sink-api-1.1.jar
7fb8f4015000-7fb8f4016000 r--s 00002000 00:19 267957                     /home/user/.m2/repository/org/apache/maven/reporting/maven-reporting-api/2.2.1/maven-reporting-api-2.2.1.jar
7fb8f4016000-7fb8f4018000 r--s 00009000 00:19 267951                     /home/user/.m2/repository/org/apache/maven/shared/maven-filtering/1.0/maven-filtering-1.0.jar
7fb8f4018000-7fb8f401c000 r--s 00037000 00:19 267949                     /home/user/.m2/repository/org/codehaus/plexus/plexus-utils/3.0.15/plexus-utils-3.0.15.jar
7fb8f401c000-7fb8f401f000 r--s 0000c000 00:19 267947                     /home/user/.m2/repository/org/codehaus/plexus/plexus-io/2.0.3/plexus-io-2.0.3.jar
7fb8f401f000-7fb8f4021000 r--s 00011000 00:19 267943                     /home/user/.m2/repository/org/hamcrest/hamcrest-core/1.1/hamcrest-core-1.1.jar
7fb8f4021000-7fb8f4028000 r--s 00037000 00:19 267941                     /home/user/.m2/repository/junit/junit/4.10/junit-4.10.jar
7fb8f4028000-7fb8f402d000 r--s 00029000 00:19 267939                     /home/user/.m2/repository/org/codehaus/plexus/plexus-archiver/2.1.1/plexus-archiver-2.1.1.jar
7fb8f402d000-7fb8f4031000 r--s 00014000 00:19 267937                     /home/user/.m2/repository/org/tukaani/xz/1.0/xz-1.0.jar
7fb8f4031000-7fb8f4036000 r--s 00036000 00:19 267935                     /home/user/.m2/repository/org/apache/commons/commons-compress/1.4.1/commons-compress-1.4.1.jar
7fb8f4036000-7fb8f403b000 r--s 00041000 00:19 267933                     /home/user/.m2/repository/commons-lang/commons-lang/2.6/commons-lang-2.6.jar
7fb8f403b000-7fb8f403f000 r--s 00027000 00:19 267931                     /home/user/.m2/repository/commons-io/commons-io/2.2/commons-io-2.2.jar
7fb8f403f000-7fb8f4040000 r--s 00004000 00:19 267925                     /home/user/.m2/repository/org/apache/maven/maven-archiver/2.4.2/maven-archiver-2.4.2.jar
7fb8f4040000-7fb8f4042000 r--s 00009000 00:19 267921                     /home/user/.m2/repository/commons-cli/commons-cli/1.2/commons-cli-1.2.jar
7fb8f4042000-7fb8f4044000 r--s 00005000 00:19 267919                     /home/user/.m2/repository/org/apache/tomcat/maven/tomcat7-war-runner/2.2/tomcat7-war-runner-2.2.jar
7fb8f4044000-7fb8f404a000 r--s 00033000 00:19 267917                     /home/user/.m2/repository/commons-codec/commons-codec/1.6/commons-codec-1.6.jar
7fb8f404a000-7fb8f404c000 r--s 0000e000 00:19 267915                     /home/user/.m2/repository/commons-logging/commons-logging/1.1.3/commons-logging-1.1.3.jar
7fb8f404c000-7fb8f4052000 r--s 0003f000 00:19 267913                     /home/user/.m2/repository/org/apache/httpcomponents/httpcore/4.3/httpcore-4.3.jar
7fb8f4052000-7fb8f405d000 r--s 00084000 00:19 267911                     /home/user/.m2/repository/org/apache/httpcomponents/httpclient/4.3.1/httpclient-4.3.1.jar
7fb8f405d000-7fb8f4060000 r--s 00006000 00:19 267909                     /home/user/.m2/repository/com/google/code/findbugs/jsr305/1.3.9/jsr305-1.3.9.jar
7fb8f4060000-7fb8f407e000 r--s 00151000 00:19 267907                     /home/user/.m2/repository/com/google/guava/guava/10.0.1/guava-10.0.1.jar
7fb8f407e000-7fb8f4086000 r--s 00049000 00:19 267903                     /home/user/.m2/repository/backport-util-concurrent/backport-util-concurrent/3.1/backport-util-concurrent-3.1.jar
7fb8f4086000-7fb8f4088000 r--s 00008000 00:19 267893                     /home/user/.m2/repository/org/apache/tomcat/maven/common-tomcat-maven-plugin/2.2/common-tomcat-maven-plugin-2.2.jar
7fb8f4088000-7fb8f4097000 r--s 001a9000 00:19 267891                     /home/user/.m2/repository/org/eclipse/jdt/core/compiler/ecj/4.2.2/ecj-4.2.2.jar
7fb8f4097000-7fb8f4099000 r--s 00013000 00:19 267889                     /home/user/.m2/repository/org/apache/tomcat/embed/tomcat-embed-logging-log4j/7.0.47/tomcat-embed-logging-log4j-7.0.47.jar
7fb8f4099000-7fb8f409b000 r--s 00008000 00:19 267887                     /home/user/.m2/repository/org/apache/tomcat/embed/tomcat-embed-logging-juli/7.0.47/tomcat-embed-logging-juli-7.0.47.jar
7fb8f409b000-7fb8f409d000 r--s 00008000 00:19 267885                     /home/user/.m2/repository/org/apache/tomcat/tomcat-juli/7.0.47/tomcat-juli-7.0.47.jar
7fb8f409d000-7fb8f409e000 r--s 00003000 00:19 267883                     /home/user/.m2/repository/org/apache/tomcat/tomcat-annotations-api/7.0.47/tomcat-annotations-api-7.0.47.jar
7fb8f409e000-7fb8f40a0000 r--s 0001f000 00:19 267881                     /home/user/.m2/repository/org/apache/tomcat/tomcat-catalina-ha/7.0.47/tomcat-catalina-ha-7.0.47.jar
7fb8f40a0000-7fb8f40a4000 r--s 0003b000 00:19 267879                     /home/user/.m2/repository/org/apache/tomcat/tomcat-tribes/7.0.47/tomcat-tribes-7.0.47.jar
7fb8f40a4000-7fb8f40b6000 r--s 00171000 00:19 267876                     /home/user/.m2/repository/org/apache/tomcat/tomcat-catalina/7.0.47/tomcat-catalina-7.0.47.jar
7fb8f40b6000-7fb8f40b8000 r--s 0000a000 00:19 267874                     /home/user/.m2/repository/org/apache/tomcat/tomcat-el-api/7.0.47/tomcat-el-api-7.0.47.jar
7fb8f40b8000-7fb8f40bb000 r--s 0001c000 00:19 267872                     /home/user/.m2/repository/org/apache/tomcat/tomcat-jasper-el/7.0.47/tomcat-jasper-el-7.0.47.jar
7fb8f40bb000-7fb8f40c3000 r--s 0008b000 00:19 267870                     /home/user/.m2/repository/org/apache/tomcat/tomcat-jasper/7.0.47/tomcat-jasper-7.0.47.jar
7fb8f40c3000-7fb8f40c6000 r--s 00013000 00:19 267868                     /home/user/.m2/repository/org/apache/tomcat/tomcat-jsp-api/7.0.47/tomcat-jsp-api-7.0.47.jar
7fb8f40c6000-7fb8f40c9000 r--s 00029000 00:19 267866                     /home/user/.m2/repository/org/apache/tomcat/tomcat-servlet-api/7.0.47/tomcat-servlet-api-7.0.47.jar
7fb8f40c9000-7fb8f40cd000 r--s 00036000 00:19 267864                     /home/user/.m2/repository/org/apache/tomcat/tomcat-dbcp/7.0.47/tomcat-dbcp-7.0.47.jar
7fb8f40cd000-7fb8f40cf000 r--s 0001d000 00:19 267862                     /home/user/.m2/repository/org/apache/tomcat/tomcat-jdbc/7.0.47/tomcat-jdbc-7.0.47.jar
7fb8f40cf000-7fb8f40d0000 r--s 00001000 00:19 267860                     /home/user/.m2/repository/org/apache/tomcat/tomcat-api/7.0.47/tomcat-api-7.0.47.jar
7fb8f40d0000-7fb8f40de000 r--s 000be000 00:19 267858                     /home/user/.m2/repository/org/apache/tomcat/tomcat-coyote/7.0.47/tomcat-coyote-7.0.47.jar
7fb8f40de000-7fb8f40df000 r--s 00005000 00:19 267856                     /home/user/.m2/repository/org/apache/tomcat/tomcat-util/7.0.47/tomcat-util-7.0.47.jar
7fb8f40df000-7fb8f4106000 r--s 00290000 00:19 267852                     /home/user/.m2/repository/org/apache/tomcat/embed/tomcat-embed-core/7.0.47/tomcat-embed-core-7.0.47.jar
7fb8f4106000-7fb8f4108000 r--s 0001a000 00:19 267323                     /home/user/.m2/repository/org/apache/tomcat/maven/tomcat7-maven-plugin/2.2/tomcat7-maven-plugin-2.2.jar
7fb8f4108000-7fb8f410b000 r--s 0001b000 00:19 265443                     /home/user/.m2/repository/junit/junit/3.8.2/junit-3.8.2.jar
7fb8f410b000-7fb8f4119000 r--s 0008f000 00:19 265441                     /home/user/.m2/repository/com/google/collections/google-collections/1.0/google-collections-1.0.jar
7fb8f4119000-7fb8f411a000 r--s 0000a000 00:19 265439                     /home/user/.m2/repository/commons-logging/commons-logging-api/1.1/commons-logging-api-1.1.jar
7fb8f411a000-7fb8f4121000 r--s 00051000 00:19 265437                     /home/user/.m2/repository/log4j/log4j/1.2.12/log4j-1.2.12.jar
7fb8f4121000-7fb8f4125000 r--s 0001d000 00:19 265435                     /home/user/.m2/repository/org/apache/xbean/xbean-reflect/3.4/xbean-reflect-3.4.jar
7fb8f4125000-7fb8f4126000 r--s 00004000 00:19 265429                     /home/user/.m2/repository/org/codehaus/plexus/plexus-compiler-javac/2.2/plexus-compiler-javac-2.2.jar
7fb8f4126000-7fb8f4128000 r--s 00000000 00:19 265427                     /home/user/.m2/repository/org/codehaus/plexus/plexus-compiler-manager/2.2/plexus-compiler-manager-2.2.jar
7fb8f4128000-7fb8f412a000 r--s 00005000 00:19 265425                     /home/user/.m2/repository/org/codehaus/plexus/plexus-compiler-api/2.2/plexus-compiler-api-2.2.jar
7fb8f412a000-7fb8f412c000 r--s 00000000 00:19 265423                     /home/user/.m2/repository/org/codehaus/plexus/plexus-component-annotations/1.5.5/plexus-component-annotations-1.5.5.jar
7fb8f412c000-7fb8f412e000 r-xp 00000000 00:19 462519                     /lib/x86_64-linux-gnu/libutil-2.23.so
7fb8f412e000-7fb8f432d000 ---p 00002000 00:19 462519                     /lib/x86_64-linux-gnu/libutil-2.23.so
7fb8f432d000-7fb8f432e000 r--p 00001000 00:19 462519                     /lib/x86_64-linux-gnu/libutil-2.23.so
7fb8f432e000-7fb8f432f000 rw-p 00002000 00:19 462519                     /lib/x86_64-linux-gnu/libutil-2.23.so
7fb8f432f000-7fb8f4331000 r--s 00002000 00:19 265421                     /home/user/.m2/repository/org/apache/maven/shared/maven-shared-incremental/1.1/maven-shared-incremental-1.1.jar
7fb8f4331000-7fb8f4333000 r--s 00006000 00:19 265419                     /home/user/.m2/repository/com/google/code/findbugs/jsr305/2.0.1/jsr305-2.0.1.jar
7fb8f4333000-7fb8f4336000 r--s 00023000 00:19 265417                     /home/user/.m2/repository/org/apache/maven/shared/maven-shared-utils/0.1/maven-shared-utils-0.1.jar
7fb8f4336000-7fb8f433a000 r--s 00030000 00:19 265389                     /home/user/.m2/repository/org/codehaus/plexus/plexus-utils/1.5.1/plexus-utils-1.5.1.jar
7fb8f433a000-7fb8f433c000 r--s 00009000 00:19 264599                     /home/user/.m2/repository/org/apache/maven/plugins/maven-compiler-plugin/3.1/maven-compiler-plugin-3.1.jar
7fb8f433c000-7fb8f433e000 r--s 0000d000 00:19 266619                     /home/user/.m2/repository/org/codehaus/plexus/plexus-interpolation/1.13/plexus-interpolation-1.13.jar
7fb8f433e000-7fb8f433f000 r--s 00001000 00:19 266617                     /home/user/.m2/repository/org/sonatype/plexus/plexus-build-api/0.0.4/plexus-build-api-0.0.4.jar
7fb8f433f000-7fb8f4341000 r--s 00009000 00:19 266615                     /home/user/.m2/repository/org/apache/maven/shared/maven-filtering/1.1/maven-filtering-1.1.jar
7fb8f4341000-7fb8f4345000 r--s 00033000 00:19 266598                     /home/user/.m2/repository/org/codehaus/plexus/plexus-utils/2.0.5/plexus-utils-2.0.5.jar
7fb8f4345000-7fb8f4348000 r--s 0001b000 00:19 265890                     /home/user/.m2/repository/junit/junit/3.8.1/junit-3.8.1.jar
7fb8f4348000-7fb8f434a000 r--s 00002000 00:19 266080                     /home/user/.m2/repository/org/codehaus/plexus/plexus-interactivity-api/1.0-alpha-4/plexus-interactivity-api-1.0-alpha-4.jar
7fb8f434a000-7fb8f434c000 r--s 00006000 00:19 266076                     /home/user/.m2/repository/commons-cli/commons-cli/1.0/commons-cli-1.0.jar
7fb8f434c000-7fb8f434d000 r--s 00001000 00:19 266070                     /home/user/.m2/repository/org/apache/maven/doxia/doxia-sink-api/1.0-alpha-7/doxia-sink-api-1.0-alpha-7.jar
7fb8f434d000-7fb8f434e000 r--s 00002000 00:19 266068                     /home/user/.m2/repository/org/apache/maven/reporting/maven-reporting-api/2.0.6/maven-reporting-api-2.0.6.jar
7fb8f434e000-7fb8f4350000 r--s 00006000 00:19 264581                     /home/user/.m2/repository/org/apache/maven/plugins/maven-resources-plugin/2.6/maven-resources-plugin-2.6.jar
7fb8f4350000-7fb8f4353000 r-xp 00000000 00:19 1295105                    /tmp/libjansi-1.17-5044976759077704062.so
7fb8f4353000-7fb8f4552000 ---p 00003000 00:19 1295105                    /tmp/libjansi-1.17-5044976759077704062.so
7fb8f4552000-7fb8f4553000 rw-p 00002000 00:19 1295105                    /tmp/libjansi-1.17-5044976759077704062.so
7fb8f4553000-7fb8f7554000 rw-p 00000000 00:00 0 
7fb8f7554000-7fb8f756b000 r-xp 00000000 00:19 1286081                    /usr/lib/jvm/java-8-openjdk-amd64/jre/lib/amd64/libnet.so
7fb8f756b000-7fb8f776a000 ---p 00017000 00:19 1286081                    /usr/lib/jvm/java-8-openjdk-amd64/jre/lib/amd64/libnet.so
7fb8f776a000-7fb8f776b000 r--p 00016000 00:19 1286081                    /usr/lib/jvm/java-8-openjdk-amd64/jre/lib/amd64/libnet.so
7fb8f776b000-7fb8f776c000 rw-p 00017000 00:19 1286081                    /usr/lib/jvm/java-8-openjdk-amd64/jre/lib/amd64/libnet.so
7fb8f776c000-7fb8f777d000 r-xp 00000000 00:19 1286080                    /usr/lib/jvm/java-8-openjdk-amd64/jre/lib/amd64/libnio.so
7fb8f777d000-7fb8f797d000 ---p 00011000 00:19 1286080                    /usr/lib/jvm/java-8-openjdk-amd64/jre/lib/amd64/libnio.so
7fb8f797d000-7fb8f797e000 r--p 00011000 00:19 1286080                    /usr/lib/jvm/java-8-openjdk-amd64/jre/lib/amd64/libnio.so
7fb8f797e000-7fb8f797f000 rw-p 00012000 00:19 1286080                    /usr/lib/jvm/java-8-openjdk-amd64/jre/lib/amd64/libnio.so
7fb8f797f000-7fb8f7984000 r--s 0009d000 00:19 1286122                    /usr/lib/jvm/java-8-openjdk-amd64/jre/lib/jsse.jar
7fb8f7984000-7fb8f7985000 r--s 00002000 00:19 1287704                    /usr/local/eclipse/plugins/org.eclipse.m2e.maven.runtime.slf4j.simple_1.9.1.20180912-1600/jars/slf4j-simple-1.7.5.jar
7fb8f7985000-7fb8f798a000 r--s 00060000 00:19 1287679                    /usr/local/eclipse/plugins/org.eclipse.m2e.maven.runtime_1.9.1.20180912-1600/jars/okhttp-3.11.0.jar
7fb8f798a000-7fb8f798c000 r--s 0000a000 00:19 1287667                    /usr/local/eclipse/plugins/org.eclipse.m2e.maven.runtime_1.9.1.20180912-1600/jars/maven-plugin-api-3.5.3.jar
7fb8f798c000-7fb8f7991000 r--s 00027000 00:19 1287666                    /usr/local/eclipse/plugins/org.eclipse.m2e.maven.runtime_1.9.1.20180912-1600/jars/maven-model-builder-3.5.3.jar
7fb8f7991000-7fb8f7994000 r--s 00026000 00:19 1287678                    /usr/local/eclipse/plugins/org.eclipse.m2e.maven.runtime_1.9.1.20180912-1600/jars/maven-shared-utils-3.2.1.jar
7fb8f7994000-7fb8f7995000 r--s 00003000 00:19 1287661                    /usr/local/eclipse/plugins/org.eclipse.m2e.maven.runtime_1.9.1.20180912-1600/jars/maven-builder-support-3.5.3.jar
7fb8f7995000-7fb8f7997000 r--s 0000c000 00:19 1287691                    /usr/local/eclipse/plugins/org.eclipse.m2e.maven.runtime_1.9.1.20180912-1600/jars/wagon-provider-api-3.0.0.jar
7fb8f7997000-7fb8f7998000 r--s 00006000 00:19 1287668                    /usr/local/eclipse/plugins/org.eclipse.m2e.maven.runtime_1.9.1.20180912-1600/jars/maven-repository-metadata-3.5.3.jar
7fb8f7998000-7fb8f799a000 r--s 0000b000 00:19 1287651                    /usr/local/eclipse/plugins/org.eclipse.m2e.maven.runtime_1.9.1.20180912-1600/jars/aether-connector-okhttp-0.17.4.jar
7fb8f799a000-7fb8f799e000 r--s 0003c000 00:19 1287689                    /usr/local/eclipse/plugins/org.eclipse.m2e.maven.runtime_1.9.1.20180912-1600/jars/plexus-utils-3.1.0.jar
7fb8f799e000-7fb8f79a0000 r--s 0000c000 00:19 1287660                    /usr/local/eclipse/plugins/org.eclipse.m2e.maven.runtime_1.9.1.20180912-1600/jars/maven-artifact-3.5.3.jar
7fb8f79a0000-7fb8f79a2000 r--s 00007000 00:19 1287673                    /usr/local/eclipse/plugins/org.eclipse.m2e.maven.runtime_1.9.1.20180912-1600/jars/maven-resolver-spi-1.1.1.jar
7fb8f79a2000-7fb8f79d1000 r--s 00226000 00:19 1287656                    /usr/local/eclipse/plugins/org.eclipse.m2e.maven.runtime_1.9.1.20180912-1600/jars/guava-20.0.jar
7fb8f79d1000-7fb8f79d9000 r--s 0006e000 00:19 1287655                    /usr/local/eclipse/plugins/org.eclipse.m2e.maven.runtime_1.9.1.20180912-1600/jars/commons-lang3-3.5.jar
7fb8f79d9000-7fb8f79db000 r--s 00006000 00:19 1287674                    /usr/local/eclipse/plugins/org.eclipse.m2e.maven.runtime_1.9.1.20180912-1600/jars/maven-resolver-transport-wagon-1.1.1.jar
7fb8f79db000-7fb8f79dd000 r--s 0000f000 00:19 1287672                    /usr/local/eclipse/plugins/org.eclipse.m2e.maven.runtime_1.9.1.20180912-1600/jars/maven-resolver-provider-3.5.3.jar
7fb8f79dd000-7fb8f79de000 r--s 00002000 00:19 1287690                    /usr/local/eclipse/plugins/org.eclipse.m2e.maven.runtime_1.9.1.20180912-1600/jars/wagon-file-3.0.0.jar
7fb8f79de000-7fb8f79df000 r--s 00014000 00:19 1287680                    /usr/local/eclipse/plugins/org.eclipse.m2e.maven.runtime_1.9.1.20180912-1600/jars/okio-1.14.0.jar
7fb8f79df000-7fb8f79e0000 r--s 00001000 00:19 1287659                    /usr/local/eclipse/plugins/org.eclipse.m2e.maven.runtime_1.9.1.20180912-1600/jars/jsr250-api-1.0.jar
7fb8f79e0000-7fb8f79e4000 r--s 0002a000 00:19 1287671                    /usr/local/eclipse/plugins/org.eclipse.m2e.maven.runtime_1.9.1.20180912-1600/jars/maven-resolver-impl-1.1.1.jar
7fb8f79e4000-7fb8f79e6000 r--s 00000000 00:19 1287686                    /usr/local/eclipse/plugins/org.eclipse.m2e.maven.runtime_1.9.1.20180912-1600/jars/plexus-component-annotations-1.7.1.jar
7fb8f79e6000-7fb8f79ea000 r--s 00020000 00:19 1287669                    /usr/local/eclipse/plugins/org.eclipse.m2e.maven.runtime_1.9.1.20180912-1600/jars/maven-resolver-api-1.1.1.jar
7fb8f79ea000-7fb8f79ed000 r--s 00008000 00:19 1287652                    /usr/local/eclipse/plugins/org.eclipse.m2e.maven.runtime_1.9.1.20180912-1600/jars/cdi-api-1.0.jar
7fb8f79ed000-7fb8f79f3000 r--s 0002d000 00:19 1287682                    /usr/local/eclipse/plugins/org.eclipse.m2e.maven.runtime_1.9.1.20180912-1600/jars/org.eclipse.sisu.plexus-0.3.3.jar
7fb8f79f3000-7fb8f79f6000 r--s 00016000 00:19 1287664                    /usr/local/eclipse/plugins/org.eclipse.m2e.maven.runtime_1.9.1.20180912-1600/jars/maven-embedder-3.5.3.jar
7fb8f79f6000-7fb8f79fd000 r--s 00041000 00:19 1287662                    /usr/local/eclipse/plugins/org.eclipse.m2e.maven.runtime_1.9.1.20180912-1600/jars/maven-compat-3.5.3.jar
7fb8f79fd000-7fb8f79ff000 r--s 00009000 00:19 1287677                    /usr/local/eclipse/plugins/org.eclipse.m2e.maven.runtime_1.9.1.20180912-1600/jars/maven-settings-builder-3.5.3.jar
7fb8f79ff000-7fb8f7a03000 r--s 00042000 00:19 1287658                    /usr/local/eclipse/plugins/org.eclipse.m2e.maven.runtime_1.9.1.20180912-1600/jars/jansi-1.17.jar
7fb8f7a03000-7fb8f7a05000 r--s 00002000 00:19 1287684                    /usr/local/eclipse/plugins/org.eclipse.m2e.maven.runtime_1.9.1.20180912-1600/jars/plexus-cipher-1.7.jar
7fb8f7a05000-7fb8f7a0c000 r--s 00056000 00:19 1287681                    /usr/local/eclipse/plugins/org.eclipse.m2e.maven.runtime_1.9.1.20180912-1600/jars/org.eclipse.sisu.inject-0.3.3.jar
7fb8f7a0c000-7fb8f7a15000 r--s 0005f000 00:19 1287657                    /usr/local/eclipse/plugins/org.eclipse.m2e.maven.runtime_1.9.1.20180912-1600/jars/guice-4.0-no_aop.jar
7fb8f7a15000-7fb8f7a18000 r--s 00011000 00:19 1287687                    /usr/local/eclipse/plugins/org.eclipse.m2e.maven.runtime_1.9.1.20180912-1600/jars/plexus-interpolation-1.24.jar
7fb8f7a18000-7fb8f7a25000 r--s 0008e000 00:19 1287663                    /usr/local/eclipse/plugins/org.eclipse.m2e.maven.runtime_1.9.1.20180912-1600/jars/maven-core-3.5.3.jar
7fb8f7a25000-7fb8f7a26000 ---p 00000000 00:00 0 
7fb8f7a26000-7fb8f7b26000 rw-p 00000000 00:00 0 
7fb8f7b26000-7fb8f7b29000 ---p 00000000 00:00 0 
7fb8f7b29000-7fb8f7c27000 rw-p 00000000 00:00 0 
7fb8f7c27000-7fb8f7c2a000 ---p 00000000 00:00 0 
7fb8f7c2a000-7fb8f7d28000 rw-p 00000000 00:00 0 
7fb8f7d28000-7fb8f8000000 r--p 00000000 00:19 547201                     /usr/lib/locale/locale-archive
7fb8f8000000-7fb8f8021000 rw-p 00000000 00:00 0 
7fb8f8021000-7fb8fc000000 ---p 00000000 00:00 0 
7fb8fc000000-7fb8fc021000 rw-p 00000000 00:00 0 
7fb8fc021000-7fb900000000 ---p 00000000 00:00 0 
7fb900000000-7fb90002d000 rw-p 00000000 00:00 0 
7fb90002d000-7fb904000000 ---p 00000000 00:00 0 
7fb904000000-7fb904001000 r--s 0000a000 00:19 1287676                    /usr/local/eclipse/plugins/org.eclipse.m2e.maven.runtime_1.9.1.20180912-1600/jars/maven-settings-3.5.3.jar
7fb904001000-7fb904002000 r--s 00006000 00:19 1287688                    /usr/local/eclipse/plugins/org.eclipse.m2e.maven.runtime_1.9.1.20180912-1600/jars/plexus-sec-dispatcher-1.4.jar
7fb904002000-7fb904004000 r--s 00009000 00:19 1287670                    /usr/local/eclipse/plugins/org.eclipse.m2e.maven.runtime_1.9.1.20180912-1600/jars/maven-resolver-connector-basic-1.1.1.jar
7fb904004000-7fb904006000 r--s 0000c000 00:19 1287653                    /usr/local/eclipse/plugins/org.eclipse.m2e.maven.runtime_1.9.1.20180912-1600/jars/commons-cli-1.4.jar
7fb904006000-7fb90400a000 r--s 0002f000 00:19 1287654                    /usr/local/eclipse/plugins/org.eclipse.m2e.maven.runtime_1.9.1.20180912-1600/jars/commons-io-2.5.jar
7fb90400a000-7fb90400d000 r--s 00026000 00:19 1287665                    /usr/local/eclipse/plugins/org.eclipse.m2e.maven.runtime_1.9.1.20180912-1600/jars/maven-model-3.5.3.jar
7fb90400d000-7fb904011000 r--s 00023000 00:19 1287675                    /usr/local/eclipse/plugins/org.eclipse.m2e.maven.runtime_1.9.1.20180912-1600/jars/maven-resolver-util-1.1.1.jar
7fb904011000-7fb904017000 r--s 0003b000 00:19 1286120                    /usr/lib/jvm/java-8-openjdk-amd64/jre/lib/ext/sunjce_provider.jar
7fb904017000-7fb904032000 r--s 001d6000 00:19 1286114                    /usr/lib/jvm/java-8-openjdk-amd64/jre/lib/ext/nashorn.jar
7fb904032000-7fb90403c000 r--s 00116000 00:19 1286112                    /usr/lib/jvm/java-8-openjdk-amd64/jre/lib/ext/localedata.jar
7fb90403c000-7fb904057000 r--s 00394000 00:19 1286111                    /usr/lib/jvm/java-8-openjdk-amd64/jre/lib/ext/cldrdata.jar
7fb904057000-7fb90405a000 ---p 00000000 00:00 0 
7fb90405a000-7fb904158000 rw-p 00000000 00:00 0 
7fb904158000-7fb90415b000 ---p 00000000 00:00 0 
7fb90415b000-7fb904259000 rw-p 00000000 00:00 0 
7fb904259000-7fb90425c000 ---p 00000000 00:00 0 
7fb90425c000-7fb90435a000 rw-p 00000000 00:00 0 
7fb90435a000-7fb90435d000 ---p 00000000 00:00 0 
7fb90435d000-7fb90445b000 rw-p 00000000 00:00 0 
7fb90445b000-7fb90445c000 ---p 00000000 00:00 0 
7fb90445c000-7fb904e65000 rw-p 00000000 00:00 0 
7fb904e65000-7fb905034000 r--s 03c33000 00:19 1286121                    /usr/lib/jvm/java-8-openjdk-amd64/jre/lib/rt.jar
7fb905034000-7fb9076af000 rw-p 00000000 00:00 0 
7fb9076af000-7fb9076b0000 ---p 00000000 00:00 0 
7fb9076b0000-7fb9077b0000 rw-p 00000000 00:00 0 
7fb9077b0000-7fb9077b1000 ---p 00000000 00:00 0 
7fb9077b1000-7fb9078c6000 rw-p 00000000 00:00 0 
7fb9078c6000-7fb9079e3000 ---p 00000000 00:00 0 
7fb9079e3000-7fb9079f8000 rw-p 00000000 00:00 0 
7fb9079f8000-7fb907b15000 ---p 00000000 00:00 0 
7fb907b15000-7fb907b5b000 rw-p 00000000 00:00 0 
7fb907b5b000-7fb907bae000 ---p 00000000 00:00 0 
7fb907bae000-7fb907bdf000 rw-p 00000000 00:00 0 
7fb907bdf000-7fb907f6f000 ---p 00000000 00:00 0 
7fb907f6f000-7fb908b3f000 rwxp 00000000 00:00 0 
7fb908b3f000-7fb916f6f000 ---p 00000000 00:00 0 
7fb916f6f000-7fb916f77000 r-xp 00000000 00:19 1286072                    /usr/lib/jvm/java-8-openjdk-amd64/jre/lib/amd64/libzip.so
7fb916f77000-7fb917176000 ---p 00008000 00:19 1286072                    /usr/lib/jvm/java-8-openjdk-amd64/jre/lib/amd64/libzip.so
7fb917176000-7fb917177000 r--p 00007000 00:19 1286072                    /usr/lib/jvm/java-8-openjdk-amd64/jre/lib/amd64/libzip.so
7fb917177000-7fb917178000 rw-p 00008000 00:19 1286072                    /usr/lib/jvm/java-8-openjdk-amd64/jre/lib/amd64/libzip.so
7fb917178000-7fb917183000 r-xp 00000000 00:19 462525                     /lib/x86_64-linux-gnu/libnss_files-2.23.so
7fb917183000-7fb917382000 ---p 0000b000 00:19 462525                     /lib/x86_64-linux-gnu/libnss_files-2.23.so
7fb917382000-7fb917383000 r--p 0000a000 00:19 462525                     /lib/x86_64-linux-gnu/libnss_files-2.23.so
7fb917383000-7fb917384000 rw-p 0000b000 00:19 462525                     /lib/x86_64-linux-gnu/libnss_files-2.23.so
7fb917384000-7fb91738a000 rw-p 00000000 00:00 0 
7fb91738a000-7fb917395000 r-xp 00000000 00:19 462529                     /lib/x86_64-linux-gnu/libnss_nis-2.23.so
7fb917395000-7fb917594000 ---p 0000b000 00:19 462529                     /lib/x86_64-linux-gnu/libnss_nis-2.23.so
7fb917594000-7fb917595000 r--p 0000a000 00:19 462529                     /lib/x86_64-linux-gnu/libnss_nis-2.23.so
7fb917595000-7fb917596000 rw-p 0000b000 00:19 462529                     /lib/x86_64-linux-gnu/libnss_nis-2.23.so
7fb917596000-7fb9175ac000 r-xp 00000000 00:19 462509                     /lib/x86_64-linux-gnu/libnsl-2.23.so
7fb9175ac000-7fb9177ab000 ---p 00016000 00:19 462509                     /lib/x86_64-linux-gnu/libnsl-2.23.so
7fb9177ab000-7fb9177ac000 r--p 00015000 00:19 462509                     /lib/x86_64-linux-gnu/libnsl-2.23.so
7fb9177ac000-7fb9177ad000 rw-p 00016000 00:19 462509                     /lib/x86_64-linux-gnu/libnsl-2.23.so
7fb9177ad000-7fb9177af000 rw-p 00000000 00:00 0 
7fb9177af000-7fb9177b7000 r-xp 00000000 00:19 462520                     /lib/x86_64-linux-gnu/libnss_compat-2.23.so
7fb9177b7000-7fb9179b6000 ---p 00008000 00:19 462520                     /lib/x86_64-linux-gnu/libnss_compat-2.23.so
7fb9179b6000-7fb9179b7000 r--p 00007000 00:19 462520                     /lib/x86_64-linux-gnu/libnss_compat-2.23.so
7fb9179b7000-7fb9179b8000 rw-p 00008000 00:19 462520                     /lib/x86_64-linux-gnu/libnss_compat-2.23.so
7fb9179b8000-7fb9179e5000 r-xp 00000000 00:19 1286092                    /usr/lib/jvm/java-8-openjdk-amd64/jre/lib/amd64/libjava.so
7fb9179e5000-7fb917be4000 ---p 0002d000 00:19 1286092                    /usr/lib/jvm/java-8-openjdk-amd64/jre/lib/amd64/libjava.so
7fb917be4000-7fb917be5000 r--p 0002c000 00:19 1286092                    /usr/lib/jvm/java-8-openjdk-amd64/jre/lib/amd64/libjava.so
7fb917be5000-7fb917be7000 rw-p 0002d000 00:19 1286092                    /usr/lib/jvm/java-8-openjdk-amd64/jre/lib/amd64/libjava.so
7fb917be7000-7fb917bf6000 r-xp 00000000 00:19 1286064                    /usr/lib/jvm/java-8-openjdk-amd64/jre/lib/amd64/libverify.so
7fb917bf6000-7fb917df5000 ---p 0000f000 00:19 1286064                    /usr/lib/jvm/java-8-openjdk-amd64/jre/lib/amd64/libverify.so
7fb917df5000-7fb917df7000 r--p 0000e000 00:19 1286064                    /usr/lib/jvm/java-8-openjdk-amd64/jre/lib/amd64/libverify.so
7fb917df7000-7fb917df8000 rw-p 00010000 00:19 1286064                    /usr/lib/jvm/java-8-openjdk-amd64/jre/lib/amd64/libverify.so
7fb917df8000-7fb917dff000 r-xp 00000000 00:19 462530                     /lib/x86_64-linux-gnu/librt-2.23.so
7fb917dff000-7fb917ffe000 ---p 00007000 00:19 462530                     /lib/x86_64-linux-gnu/librt-2.23.so
7fb917ffe000-7fb917fff000 r--p 00006000 00:19 462530                     /lib/x86_64-linux-gnu/librt-2.23.so
7fb917fff000-7fb918000000 rw-p 00007000 00:19 462530                     /lib/x86_64-linux-gnu/librt-2.23.so
7fb918000000-7fb918c83000 rw-p 00000000 00:00 0 
7fb918c83000-7fb91c000000 ---p 00000000 00:00 0 
7fb91c000000-7fb91c002000 r--s 0000b000 00:19 1287685                    /usr/local/eclipse/plugins/org.eclipse.m2e.maven.runtime_1.9.1.20180912-1600/jars/plexus-classworlds-2.5.2.jar
7fb91c002000-7fb91c0db000 rw-p 00000000 00:00 0 
7fb91c0db000-7fb91c0f1000 r-xp 00000000 00:19 12358                      /lib/x86_64-linux-gnu/libgcc_s.so.1
7fb91c0f1000-7fb91c2f0000 ---p 00016000 00:19 12358                      /lib/x86_64-linux-gnu/libgcc_s.so.1
7fb91c2f0000-7fb91c2f1000 rw-p 00015000 00:19 12358                      /lib/x86_64-linux-gnu/libgcc_s.so.1
7fb91c2f1000-7fb91c3f9000 r-xp 00000000 00:19 462508                     /lib/x86_64-linux-gnu/libm-2.23.so
7fb91c3f9000-7fb91c5f8000 ---p 00108000 00:19 462508                     /lib/x86_64-linux-gnu/libm-2.23.so
7fb91c5f8000-7fb91c5f9000 r--p 00107000 00:19 462508                     /lib/x86_64-linux-gnu/libm-2.23.so
7fb91c5f9000-7fb91c5fa000 rw-p 00108000 00:19 462508                     /lib/x86_64-linux-gnu/libm-2.23.so
7fb91c5fa000-7fb91c76c000 r-xp 00000000 00:19 953978                     /usr/lib/x86_64-linux-gnu/libstdc++.so.6.0.21
7fb91c76c000-7fb91c96c000 ---p 00172000 00:19 953978                     /usr/lib/x86_64-linux-gnu/libstdc++.so.6.0.21
7fb91c96c000-7fb91c976000 r--p 00172000 00:19 953978                     /usr/lib/x86_64-linux-gnu/libstdc++.so.6.0.21
7fb91c976000-7fb91c978000 rw-p 0017c000 00:19 953978                     /usr/lib/x86_64-linux-gnu/libstdc++.so.6.0.21
7fb91c978000-7fb91c97c000 rw-p 00000000 00:00 0 
7fb91c97c000-7fb91d5d9000 r-xp 00000000 00:19 1286070                    /usr/lib/jvm/java-8-openjdk-amd64/jre/lib/amd64/server/libjvm.so
7fb91d5d9000-7fb91d7d9000 ---p 00c5d000 00:19 1286070                    /usr/lib/jvm/java-8-openjdk-amd64/jre/lib/amd64/server/libjvm.so
7fb91d7d9000-7fb91d86d000 r--p 00c5d000 00:19 1286070                    /usr/lib/jvm/java-8-openjdk-amd64/jre/lib/amd64/server/libjvm.so
7fb91d86d000-7fb91d896000 rw-p 00cf1000 00:19 1286070                    /usr/lib/jvm/java-8-openjdk-amd64/jre/lib/amd64/server/libjvm.so
7fb91d896000-7fb91d8c6000 rw-p 00000000 00:00 0 
7fb91d8c6000-7fb91d8de000 r-xp 00000000 00:19 462511                     /lib/x86_64-linux-gnu/libpthread-2.23.so
7fb91d8de000-7fb91dadd000 ---p 00018000 00:19 462511                     /lib/x86_64-linux-gnu/libpthread-2.23.so
7fb91dadd000-7fb91dade000 r--p 00017000 00:19 462511                     /lib/x86_64-linux-gnu/libpthread-2.23.so
7fb91dade000-7fb91dadf000 rw-p 00018000 00:19 462511                     /lib/x86_64-linux-gnu/libpthread-2.23.so
7fb91dadf000-7fb91dae3000 rw-p 00000000 00:00 0 
7fb91dae3000-7fb91dae6000 r-xp 00000000 00:19 462514                     /lib/x86_64-linux-gnu/libdl-2.23.so
7fb91dae6000-7fb91dce5000 ---p 00003000 00:19 462514                     /lib/x86_64-linux-gnu/libdl-2.23.so
7fb91dce5000-7fb91dce6000 r--p 00002000 00:19 462514                     /lib/x86_64-linux-gnu/libdl-2.23.so
7fb91dce6000-7fb91dce7000 rw-p 00003000 00:19 462514                     /lib/x86_64-linux-gnu/libdl-2.23.so
7fb91dce7000-7fb91dd00000 r-xp 00000000 00:19 12512                      /lib/x86_64-linux-gnu/libz.so.1.2.8
7fb91dd00000-7fb91deff000 ---p 00019000 00:19 12512                      /lib/x86_64-linux-gnu/libz.so.1.2.8
7fb91deff000-7fb91df00000 r--p 00018000 00:19 12512                      /lib/x86_64-linux-gnu/libz.so.1.2.8
7fb91df00000-7fb91df01000 rw-p 00019000 00:19 12512                      /lib/x86_64-linux-gnu/libz.so.1.2.8
7fb91df01000-7fb91e0c1000 r-xp 00000000 00:19 462512                     /lib/x86_64-linux-gnu/libc-2.23.so
7fb91e0c1000-7fb91e2c1000 ---p 001c0000 00:19 462512                     /lib/x86_64-linux-gnu/libc-2.23.so
7fb91e2c1000-7fb91e2c5000 r--p 001c0000 00:19 462512                     /lib/x86_64-linux-gnu/libc-2.23.so
7fb91e2c5000-7fb91e2c7000 rw-p 001c4000 00:19 462512                     /lib/x86_64-linux-gnu/libc-2.23.so
7fb91e2c7000-7fb91e2cb000 rw-p 00000000 00:00 0 
7fb91e2cb000-7fb91e2d8000 r-xp 00000000 00:19 1286068                    /usr/lib/jvm/java-8-openjdk-amd64/jre/lib/amd64/jli/libjli.so
7fb91e2d8000-7fb91e4d8000 ---p 0000d000 00:19 1286068                    /usr/lib/jvm/java-8-openjdk-amd64/jre/lib/amd64/jli/libjli.so
7fb91e4d8000-7fb91e4d9000 r--p 0000d000 00:19 1286068                    /usr/lib/jvm/java-8-openjdk-amd64/jre/lib/amd64/jli/libjli.so
7fb91e4d9000-7fb91e4da000 rw-p 0000e000 00:19 1286068                    /usr/lib/jvm/java-8-openjdk-amd64/jre/lib/amd64/jli/libjli.so
7fb91e4da000-7fb91e500000 r-xp 00000000 00:19 462510                     /lib/x86_64-linux-gnu/ld-2.23.so
7fb91e500000-7fb91e501000 r--s 00010000 00:19 1286119                    /usr/lib/jvm/java-8-openjdk-amd64/jre/lib/ext/zipfs.jar
7fb91e501000-7fb91e502000 r--s 0000a000 00:19 1286118                    /usr/lib/jvm/java-8-openjdk-amd64/jre/lib/ext/jaccess.jar
7fb91e502000-7fb91e504000 r--s 00001000 00:19 1286117                    /usr/lib/jvm/java-8-openjdk-amd64/jre/lib/ext/dnsns.jar
7fb91e504000-7fb91e507000 r--s 00038000 00:19 1286116                    /usr/lib/jvm/java-8-openjdk-amd64/jre/lib/ext/sunpkcs11.jar
7fb91e507000-7fb91e5d8000 rw-p 00000000 00:00 0 
7fb91e5d8000-7fb91e5db000 ---p 00000000 00:00 0 
7fb91e5db000-7fb91e6dd000 rw-p 00000000 00:00 0 
7fb91e6dd000-7fb91e6df000 r--s 00008000 00:19 1286115                    /usr/lib/jvm/java-8-openjdk-amd64/jre/lib/ext/sunec.jar
7fb91e6df000-7fb91e6e2000 r--s 0000f000 00:19 1286113                    /usr/lib/jvm/java-8-openjdk-amd64/jre/lib/ext/icedtea-sound.jar
7fb91e6e2000-7fb91e6f4000 rw-p 00000000 00:00 0 
7fb91e6f4000-7fb91e6fc000 rw-s 00000000 00:19 1295104                    /tmp/hsperfdata_user/2511
7fb91e6fc000-7fb91e6fd000 rw-p 00000000 00:00 0 
7fb91e6fd000-7fb91e6fe000 ---p 00000000 00:00 0 
7fb91e6fe000-7fb91e6ff000 rw-p 00000000 00:00 0 
7fb91e6ff000-7fb91e700000 r--p 00025000 00:19 462510                     /lib/x86_64-linux-gnu/ld-2.23.so
7fb91e700000-7fb91e701000 rw-p 00026000 00:19 462510                     /lib/x86_64-linux-gnu/ld-2.23.so
7fb91e701000-7fb91e702000 rw-p 00000000 00:00 0 
7ffec9577000-7ffec9598000 rw-p 00000000 00:00 0                          [stack]
7ffec9598000-7ffec959b000 r--p 00000000 00:00 0                          [vvar]
7ffec959b000-7ffec959d000 r-xp 00000000 00:00 0                          [vdso]
ffffffffff600000-ffffffffff601000 r-xp 00000000 00:00 0                  [vsyscall]

VM Arguments:
jvm_args: -Dmaven.home=EMBEDDED -Dclassworlds.conf=/home/user/eclipse-workspace/.metadata/.plugins/org.eclipse.m2e.launching/launches/m2conf2514473437565834573.tmp -Dmaven.multiModuleProjectDirectory=/home/user/eclipse-workspace/SpringMVCTutorial -Dfile.encoding=UTF-8 
java_command: org.codehaus.plexus.classworlds.launcher.Launcher -B tomcat7:run
java_class_path (initial): /usr/local/eclipse/plugins/org.eclipse.m2e.maven.runtime_1.9.1.20180912-1600/jars/plexus-classworlds-2.5.2.jar
Launcher Type: SUN_STANDARD

Environment Variables:
PATH=/home/user/anaconda3/bin:/home/user/bin:/home/user/.local/bin:/usr/local/sbin:/usr/local/bin:/usr/sbin:/usr/bin:/sbin:/bin:/usr/games:/usr/local/games:/snap/bin
SHELL=/bin/bash
DISPLAY=:0.0

Signal Handlers:
SIGSEGV: [libjvm.so+0xa71a70], sa_mask[0]=11111111011111111101111111111110, sa_flags=SA_RESTART|SA_SIGINFO
SIGBUS: [libjvm.so+0xa71a70], sa_mask[0]=11111111011111111101111111111110, sa_flags=SA_RESTART|SA_SIGINFO
SIGFPE: [libjvm.so+0x8b8f80], sa_mask[0]=11111111011111111101111111111110, sa_flags=SA_RESTART|SA_SIGINFO
SIGPIPE: [libjvm.so+0x8b8f80], sa_mask[0]=11111111011111111101111111111110, sa_flags=SA_RESTART|SA_SIGINFO
SIGXFSZ: [libjvm.so+0x8b8f80], sa_mask[0]=11111111011111111101111111111110, sa_flags=SA_RESTART|SA_SIGINFO
SIGILL: [libjvm.so+0x8b8f80], sa_mask[0]=11111111011111111101111111111110, sa_flags=SA_RESTART|SA_SIGINFO
SIGUSR1: SIG_DFL, sa_mask[0]=00000000000000000000000000000000, sa_flags=none
SIGUSR2: [libjvm.so+0x8b8e30], sa_mask[0]=00100000000000000000000000000000, sa_flags=SA_RESTART|SA_SIGINFO
SIGHUP: [libjvm.so+0x8b9300], sa_mask[0]=11111111011111111101111111111110, sa_flags=SA_RESTART|SA_SIGINFO
SIGINT: [libjvm.so+0x8b9300], sa_mask[0]=11111111011111111101111111111110, sa_flags=SA_RESTART|SA_SIGINFO
SIGTERM: [libjvm.so+0x8b9300], sa_mask[0]=11111111011111111101111111111110, sa_flags=SA_RESTART|SA_SIGINFO
SIGQUIT: [libjvm.so+0x8b9300], sa_mask[0]=11111111011111111101111111111110, sa_flags=SA_RESTART|SA_SIGINFO


---------------  S Y S T E M  ---------------

OS:DISTRIB_ID=Ubuntu
DISTRIB_RELEASE=16.04
DISTRIB_CODENAME=xenial
DISTRIB_DESCRIPTION="Ubuntu 16.04.5 LTS"

uname:Linux 4.15.0-38-generic #41~16.04.1-Ubuntu SMP Wed Oct 10 20:16:04 UTC 2018 x86_64
libc:glibc 2.23 NPTL 2.23 
rlimit: STACK 8192k, CORE 0k, NPROC 14428, NOFILE 1048576, AS infinity
load average:0.50 0.29 0.25

/proc/meminfo:
MemTotal:        3753520 kB
MemFree:          109732 kB
MemAvailable:      12544 kB
Buffers:               8 kB
Cached:            23944 kB
SwapCached:            0 kB
Active:          3426056 kB
Inactive:          20024 kB
Active(anon):    3423504 kB
Inactive(anon):    15120 kB
Active(file):       2552 kB
Inactive(file):     4904 kB
Unevictable:          64 kB
Mlocked:              64 kB
SwapTotal:             0 kB
SwapFree:              0 kB
Dirty:               468 kB
Writeback:            40 kB
AnonPages:       3422416 kB
Mapped:            14748 kB
Shmem:             16272 kB
Slab:              88992 kB
SReclaimable:      37104 kB
SUnreclaim:        51888 kB
KernelStack:       12832 kB
PageTables:        34632 kB
NFS_Unstable:          0 kB
Bounce:                0 kB
WritebackTmp:          0 kB
CommitLimit:     1876760 kB
Committed_AS:    6927000 kB
VmallocTotal:   34359738367 kB
VmallocUsed:           0 kB
VmallocChunk:          0 kB
HardwareCorrupted:     0 kB
AnonHugePages:         0 kB
ShmemHugePages:        0 kB
ShmemPmdMapped:        0 kB
CmaTotal:              0 kB
CmaFree:               0 kB
HugePages_Total:       0
HugePages_Free:        0
HugePages_Rsvd:        0
HugePages_Surp:        0
Hugepagesize:       2048 kB
DirectMap4k:      114496 kB
DirectMap2M:     4079616 kB
DirectMap1G:     2097152 kB


CPU:total 2 (initial active 2) (1 cores per cpu, 1 threads per core) family 6 model 142 stepping 9, cmov, cx8, fxsr, mmx, sse, sse2, sse3, ssse3, sse4.1, sse4.2, popcnt, avx, avx2, aes, clmul, erms, 3dnowpref, lzcnt, tsc, tscinvbit, bmi1, bmi2, adx

/proc/cpuinfo:
processor	: 0
vendor_id	: GenuineIntel
cpu family	: 6
model		: 142
model name	: Intel(R) Core(TM) i7-7500U CPU @ 2.70GHz
stepping	: 9
microcode	: 0x70
cpu MHz		: 2904.001
cache size	: 4096 KB
physical id	: 0
siblings	: 1
core id		: 0
cpu cores	: 1
apicid		: 0
initial apicid	: 0
fpu		: yes
fpu_exception	: yes
cpuid level	: 22
wp		: yes
flags		: fpu vme de pse tsc msr pae mce cx8 apic sep mtrr pge mca cmov pat pse36 clflush mmx fxsr sse sse2 ss syscall nx pdpe1gb rdtscp lm constant_tsc arch_perfmon nopl xtopology tsc_reliable nonstop_tsc cpuid pni pclmulqdq vmx ssse3 fma cx16 pcid sse4_1 sse4_2 x2apic movbe popcnt tsc_deadline_timer aes xsave avx f16c rdrand hypervisor lahf_lm abm 3dnowprefetch cpuid_fault invpcid_single pti tpr_shadow vnmi ept vpid fsgsbase tsc_adjust bmi1 avx2 smep bmi2 invpcid rdseed adx smap xsaveopt arat
bugs		: cpu_meltdown spectre_v1 spectre_v2 spec_store_bypass l1tf
bogomips	: 5808.00
clflush size	: 64
cache_alignment	: 64
address sizes	: 42 bits physical, 48 bits virtual
power management:

processor	: 1
vendor_id	: GenuineIntel
cpu family	: 6
model		: 142
model name	: Intel(R) Core(TM) i7-7500U CPU @ 2.70GHz
stepping	: 9
microcode	: 0x70
cpu MHz		: 2904.001
cache size	: 4096 KB
physical id	: 2
siblings	: 1
core id		: 0
cpu cores	: 1
apicid		: 2
initial apicid	: 2
fpu		: yes
fpu_exception	: yes
cpuid level	: 22
wp		: yes
flags		: fpu vme de pse tsc msr pae mce cx8 apic sep mtrr pge mca cmov pat pse36 clflush mmx fxsr sse sse2 ss syscall nx pdpe1gb rdtscp lm constant_tsc arch_perfmon nopl xtopology tsc_reliable nonstop_tsc cpuid pni pclmulqdq vmx ssse3 fma cx16 pcid sse4_1 sse4_2 x2apic movbe popcnt tsc_deadline_timer aes xsave avx f16c rdrand hypervisor lahf_lm abm 3dnowprefetch cpuid_fault invpcid_single pti tpr_shadow vnmi ept vpid fsgsbase tsc_adjust bmi1 avx2 smep bmi2 invpcid rdseed adx smap xsaveopt arat
bugs		: cpu_meltdown spectre_v1 spectre_v2 spec_store_bypass l1tf
bogomips	: 5808.00
clflush size	: 64
cache_alignment	: 64
address sizes	: 42 bits physical, 48 bits virtual
power management:



Memory: 4k page, physical 3753520k(109732k free), swap 0k(0k free)

vm_info: OpenJDK 64-Bit Server VM (25.181-b13) for linux-amd64 JRE (1.8.0_181-8u181-b13-1ubuntu0.16.04.1-b13), built on Oct 23 2018 04:39:49 by "buildd" with gcc 5.4.0 20160609

time: Wed Oct 31 18:52:59 2018
elapsed time: 5 seconds (0d 0h 0m 5s)

